# JRE version: Java(TM) SE Runtime Environment (8.0_66-b18) (build 1.8.0_66-b18)
# Java VM: Java HotSpot(TM) 64-Bit Server VM (25.66-b18 mixed mode windows-amd64 compressed oops)
Heap:
 PSYoungGen      total 162816K, used 119984K [0x00000000f5580000, 0x00000000ffe00000, 0x0000000100000000)
  eden space 154112K, 73% used [0x00000000f5580000,0x00000000fc484280,0x00000000fec00000)
  from space 8704K, 72% used [0x00000000ff580000,0x00000000ffba80f0,0x00000000ffe00000)
  to   space 9216K, 0% used [0x00000000fec00000,0x00000000fec00000,0x00000000ff500000)
 ParOldGen       total 179200K, used 158220K [0x00000000e0000000, 0x00000000eaf00000, 0x00000000f5580000)
  object space 179200K, 88% used [0x00000000e0000000,0x00000000e9a83160,0x00000000eaf00000)
 Metaspace       used 103073K, capacity 110538K, committed 110744K, reserved 1146880K
  class space    used 11538K, capacity 13895K, committed 14000K, reserved 1048576K
GC Heap History (10 events):
Event: 73402.027 GC heap before
{Heap before GC invocations=772 (full 16):
 PSYoungGen      total 163328K, used 158295K [0x00000000f5580000, 0x00000000fff00000, 0x0000000100000000)
  eden space 152576K, 100% used [0x00000000f5580000,0x00000000fea80000,0x00000000fea80000)
  from space 10752K, 53% used [0x00000000fea80000,0x00000000ff015f38,0x00000000ff500000)
  to   space 10240K, 0% used [0x00000000ff500000,0x00000000ff500000,0x00000000fff00000)
 ParOldGen       total 179200K, used 157836K [0x00000000e0000000, 0x00000000eaf00000, 0x00000000f5580000)
  object space 179200K, 88% used [0x00000000e0000000,0x00000000e9a23160,0x00000000eaf00000)
 Metaspace       used 102494K, capacity 110094K, committed 110360K, reserved 1146880K
  class space    used 11481K, capacity 13795K, committed 13872K, reserved 1048576K
Event: 73402.139 GC heap after
Heap after GC invocations=772 (full 16):
 PSYoungGen      total 163328K, used 5324K [0x00000000f5580000, 0x00000000fff00000, 0x0000000100000000)
  eden space 153088K, 0% used [0x00000000f5580000,0x00000000f5580000,0x00000000feb00000)
  from space 10240K, 51% used [0x00000000ff500000,0x00000000ffa331a8,0x00000000fff00000)
  to   space 10240K, 0% used [0x00000000feb00000,0x00000000feb00000,0x00000000ff500000)
 ParOldGen       total 179200K, used 157964K [0x00000000e0000000, 0x00000000eaf00000, 0x00000000f5580000)
  object space 179200K, 88% used [0x00000000e0000000,0x00000000e9a43160,0x00000000eaf00000)
 Metaspace       used 102494K, capacity 110094K, committed 110360K, reserved 1146880K
  class space    used 11481K, capacity 13795K, committed 13872K, reserved 1048576K
}
Event: 73456.143 GC heap before
{Heap before GC invocations=773 (full 16):
 PSYoungGen      total 163328K, used 158412K [0x00000000f5580000, 0x00000000fff00000, 0x0000000100000000)
  eden space 153088K, 100% used [0x00000000f5580000,0x00000000feb00000,0x00000000feb00000)
  from space 10240K, 51% used [0x00000000ff500000,0x00000000ffa331a8,0x00000000fff00000)
  to   space 10240K, 0% used [0x00000000feb00000,0x00000000feb00000,0x00000000ff500000)
 ParOldGen       total 179200K, used 157964K [0x00000000e0000000, 0x00000000eaf00000, 0x00000000f5580000)
  object space 179200K, 88% used [0x00000000e0000000,0x00000000e9a43160,0x00000000eaf00000)
 Metaspace       used 102513K, capacity 110094K, committed 110360K, reserved 1146880K
  class space    used 11481K, capacity 13795K, committed 13872K, reserved 1048576K
Event: 73456.153 GC heap after
Heap after GC invocations=773 (full 16):
 PSYoungGen      total 163328K, used 6330K [0x00000000f5580000, 0x00000000ffe80000, 0x0000000100000000)
  eden space 153088K, 0% used [0x00000000f5580000,0x00000000f5580000,0x00000000feb00000)
  from space 10240K, 61% used [0x00000000feb00000,0x00000000ff12e870,0x00000000ff500000)
  to   space 9728K, 0% used [0x00000000ff500000,0x00000000ff500000,0x00000000ffe80000)
 ParOldGen       total 179200K, used 158020K [0x00000000e0000000, 0x00000000eaf00000, 0x00000000f5580000)
  object space 179200K, 88% used [0x00000000e0000000,0x00000000e9a51160,0x00000000eaf00000)
 Metaspace       used 102513K, capacity 110094K, committed 110360K, reserved 1146880K
  class space    used 11481K, capacity 13795K, committed 13872K, reserved 1048576K
}
Event: 73638.113 GC heap before
{Heap before GC invocations=774 (full 16):
 PSYoungGen      total 163328K, used 159418K [0x00000000f5580000, 0x00000000ffe80000, 0x0000000100000000)
  eden space 153088K, 100% used [0x00000000f5580000,0x00000000feb00000,0x00000000feb00000)
  from space 10240K, 61% used [0x00000000feb00000,0x00000000ff12e870,0x00000000ff500000)
  to   space 9728K, 0% used [0x00000000ff500000,0x00000000ff500000,0x00000000ffe80000)
 ParOldGen       total 179200K, used 158020K [0x00000000e0000000, 0x00000000eaf00000, 0x00000000f5580000)
  object space 179200K, 88% used [0x00000000e0000000,0x00000000e9a51160,0x00000000eaf00000)
 Metaspace       used 102555K, capacity 110094K, committed 110360K, reserved 1146880K
  class space    used 11481K, capacity 13795K, committed 13872K, reserved 1048576K
Event: 73638.123 GC heap after
Heap after GC invocations=774 (full 16):
 PSYoungGen      total 163328K, used 6757K [0x00000000f5580000, 0x00000000ffe80000, 0x0000000100000000)
  eden space 153600K, 0% used [0x00000000f5580000,0x00000000f5580000,0x00000000feb80000)
  from space 9728K, 69% used [0x00000000ff500000,0x00000000ffb99620,0x00000000ffe80000)
  to   space 9728K, 0% used [0x00000000feb80000,0x00000000feb80000,0x00000000ff500000)
 ParOldGen       total 179200K, used 158076K [0x00000000e0000000, 0x00000000eaf00000, 0x00000000f5580000)
  object space 179200K, 88% used [0x00000000e0000000,0x00000000e9a5f160,0x00000000eaf00000)
 Metaspace       used 102555K, capacity 110094K, committed 110360K, reserved 1146880K
  class space    used 11481K, capacity 13795K, committed 13872K, reserved 1048576K
}
Event: 73736.028 GC heap before
{Heap before GC invocations=775 (full 16):
 PSYoungGen      total 163328K, used 160357K [0x00000000f5580000, 0x00000000ffe80000, 0x0000000100000000)
  eden space 153600K, 100% used [0x00000000f5580000,0x00000000feb80000,0x00000000feb80000)
  from space 9728K, 69% used [0x00000000ff500000,0x00000000ffb99620,0x00000000ffe80000)
  to   space 9728K, 0% used [0x00000000feb80000,0x00000000feb80000,0x00000000ff500000)
 ParOldGen       total 179200K, used 158076K [0x00000000e0000000, 0x00000000eaf00000, 0x00000000f5580000)
  object space 179200K, 88% used [0x00000000e0000000,0x00000000e9a5f160,0x00000000eaf00000)
 Metaspace       used 102578K, capacity 110094K, committed 110360K, reserved 1146880K
  class space    used 11482K, capacity 13795K, committed 13872K, reserved 1048576K
Event: 73736.037 GC heap after
Heap after GC invocations=775 (full 16):
 PSYoungGen      total 163328K, used 6866K [0x00000000f5580000, 0x00000000fff00000, 0x0000000100000000)
  eden space 153600K, 0% used [0x00000000f5580000,0x00000000f5580000,0x00000000feb80000)
  from space 9728K, 70% used [0x00000000feb80000,0x00000000ff234a28,0x00000000ff500000)
  to   space 9728K, 0% used [0x00000000ff580000,0x00000000ff580000,0x00000000fff00000)
 ParOldGen       total 179200K, used 158156K [0x00000000e0000000, 0x00000000eaf00000, 0x00000000f5580000)
  object space 179200K, 88% used [0x00000000e0000000,0x00000000e9a73160,0x00000000eaf00000)
 Metaspace       used 102578K, capacity 110094K, committed 110360K, reserved 1146880K
  class space    used 11482K, capacity 13795K, committed 13872K, reserved 1048576K
}
Event: 73810.349 GC heap before
{Heap before GC invocations=776 (full 16):
 PSYoungGen      total 163328K, used 160466K [0x00000000f5580000, 0x00000000fff00000, 0x0000000100000000)
  eden space 153600K, 100% used [0x00000000f5580000,0x00000000feb80000,0x00000000feb80000)
  from space 9728K, 70% used [0x00000000feb80000,0x00000000ff234a28,0x00000000ff500000)
  to   space 9728K, 0% used [0x00000000ff580000,0x00000000ff580000,0x00000000fff00000)
 ParOldGen       total 179200K, used 158156K [0x00000000e0000000, 0x00000000eaf00000, 0x00000000f5580000)
  object space 179200K, 88% used [0x00000000e0000000,0x00000000e9a73160,0x00000000eaf00000)
 Metaspace       used 102588K, capacity 110158K, committed 110360K, reserved 1146880K
  class space    used 11482K, capacity 13795K, committed 13872K, reserved 1048576K
Event: 73810.406 GC heap after
Heap after GC invocations=776 (full 16):
 PSYoungGen      total 162816K, used 6304K [0x00000000f5580000, 0x00000000ffe00000, 0x0000000100000000)
  eden space 154112K, 0% used [0x00000000f5580000,0x00000000f5580000,0x00000000fec00000)
  from space 8704K, 72% used [0x00000000ff580000,0x00000000ffba80f0,0x00000000ffe00000)
  to   space 9216K, 0% used [0x00000000fec00000,0x00000000fec00000,0x00000000ff500000)
 ParOldGen       total 179200K, used 158220K [0x00000000e0000000, 0x00000000eaf00000, 0x00000000f5580000)
  object space 179200K, 88% used [0x00000000e0000000,0x00000000e9a83160,0x00000000eaf00000)
 Metaspace       used 102588K, capacity 110158K, committed 110360K, reserved 1146880K
  class space    used 11482K, capacity 13795K, committed 13872K, reserved 1048576K
}

