# JRE version: Java(TM) SE Runtime Environment (8.0_66-b18) (build 1.8.0_66-b18)
# Java VM: Java HotSpot(TM) 64-Bit Server VM (25.66-b18 mixed mode windows-amd64 compressed oops)
Heap:
 PSYoungGen      total 57344K, used 23826K [0x00000007bc400000, 0x00000007c0000000, 0x00000007c0000000)
  eden space 53248K, 39% used [0x00000007bc400000,0x00000007bd8b5748,0x00000007bf800000)
  from space 4096K, 63% used [0x00000007bfc00000,0x00000007bfe8f388,0x00000007c0000000)
  to   space 4096K, 0% used [0x00000007bf800000,0x00000007bf800000,0x00000007bfc00000)
 ParOldGen       total 300032K, used 139071K [0x0000000700000000, 0x0000000712500000, 0x00000007bc400000)
  object space 300032K, 46% used [0x0000000700000000,0x00000007087cfd88,0x0000000712500000)
 Metaspace       used 87918K, capacity 88673K, committed 89344K, reserved 1126400K
  class space    used 13079K, capacity 13223K, committed 13312K, reserved 1048576K
GC Heap History (10 events):
Event: 75106.801 GC heap before
{Heap before GC invocations=624 (full 42):
 PSYoungGen      total 57344K, used 54420K [0x00000007bc400000, 0x00000007c0000000, 0x00000007c0000000)
  eden space 53248K, 100% used [0x00000007bc400000,0x00000007bf800000,0x00000007bf800000)
  from space 4096K, 28% used [0x00000007bf800000,0x00000007bf9250d0,0x00000007bfc00000)
  to   space 4096K, 0% used [0x00000007bfc00000,0x00000007bfc00000,0x00000007c0000000)
 ParOldGen       total 300032K, used 139071K [0x0000000700000000, 0x0000000712500000, 0x00000007bc400000)
  object space 300032K, 46% used [0x0000000700000000,0x00000007087cfd88,0x0000000712500000)
 Metaspace       used 87765K, capacity 88571K, committed 89344K, reserved 1126400K
  class space    used 13042K, capacity 13190K, committed 13312K, reserved 1048576K
Event: 75106.833 GC heap after
Heap after GC invocations=624 (full 42):
 PSYoungGen      total 57344K, used 1214K [0x00000007bc400000, 0x00000007c0000000, 0x00000007c0000000)
  eden space 53248K, 0% used [0x00000007bc400000,0x00000007bc400000,0x00000007bf800000)
  from space 4096K, 29% used [0x00000007bfc00000,0x00000007bfd2f900,0x00000007c0000000)
  to   space 4096K, 0% used [0x00000007bf800000,0x00000007bf800000,0x00000007bfc00000)
 ParOldGen       total 300032K, used 139071K [0x0000000700000000, 0x0000000712500000, 0x00000007bc400000)
  object space 300032K, 46% used [0x0000000700000000,0x00000007087cfd88,0x0000000712500000)
 Metaspace       used 87765K, capacity 88571K, committed 89344K, reserved 1126400K
  class space    used 13042K, capacity 13190K, committed 13312K, reserved 1048576K
}
Event: 75118.611 GC heap before
{Heap before GC invocations=625 (full 42):
 PSYoungGen      total 57344K, used 54462K [0x00000007bc400000, 0x00000007c0000000, 0x00000007c0000000)
  eden space 53248K, 100% used [0x00000007bc400000,0x00000007bf800000,0x00000007bf800000)
  from space 4096K, 29% used [0x00000007bfc00000,0x00000007bfd2f900,0x00000007c0000000)
  to   space 4096K, 0% used [0x00000007bf800000,0x00000007bf800000,0x00000007bfc00000)
 ParOldGen       total 300032K, used 139071K [0x0000000700000000, 0x0000000712500000, 0x00000007bc400000)
  object space 300032K, 46% used [0x0000000700000000,0x00000007087cfd88,0x0000000712500000)
 Metaspace       used 87886K, capacity 88667K, committed 89344K, reserved 1126400K
  class space    used 13077K, capacity 13222K, committed 13312K, reserved 1048576K
Event: 75118.616 GC heap after
Heap after GC invocations=625 (full 42):
 PSYoungGen      total 57344K, used 2219K [0x00000007bc400000, 0x00000007c0000000, 0x00000007c0000000)
  eden space 53248K, 0% used [0x00000007bc400000,0x00000007bc400000,0x00000007bf800000)
  from space 4096K, 54% used [0x00000007bf800000,0x00000007bfa2af48,0x00000007bfc00000)
  to   space 4096K, 0% used [0x00000007bfc00000,0x00000007bfc00000,0x00000007c0000000)
 ParOldGen       total 300032K, used 139071K [0x0000000700000000, 0x0000000712500000, 0x00000007bc400000)
  object space 300032K, 46% used [0x0000000700000000,0x00000007087cfd88,0x0000000712500000)
 Metaspace       used 87886K, capacity 88667K, committed 89344K, reserved 1126400K
  class space    used 13077K, capacity 13222K, committed 13312K, reserved 1048576K
}
Event: 75259.748 GC heap before
{Heap before GC invocations=626 (full 42):
 PSYoungGen      total 57344K, used 55467K [0x00000007bc400000, 0x00000007c0000000, 0x00000007c0000000)
  eden space 53248K, 100% used [0x00000007bc400000,0x00000007bf800000,0x00000007bf800000)
  from space 4096K, 54% used [0x00000007bf800000,0x00000007bfa2af48,0x00000007bfc00000)
  to   space 4096K, 0% used [0x00000007bfc00000,0x00000007bfc00000,0x00000007c0000000)
 ParOldGen       total 300032K, used 139071K [0x0000000700000000, 0x0000000712500000, 0x00000007bc400000)
  object space 300032K, 46% used [0x0000000700000000,0x00000007087cfd88,0x0000000712500000)
 Metaspace       used 87886K, capacity 88667K, committed 89344K, reserved 1126400K
  class space    used 13077K, capacity 13222K, committed 13312K, reserved 1048576K
Event: 75259.755 GC heap after
Heap after GC invocations=626 (full 42):
 PSYoungGen      total 57344K, used 2418K [0x00000007bc400000, 0x00000007c0000000, 0x00000007c0000000)
  eden space 53248K, 0% used [0x00000007bc400000,0x00000007bc400000,0x00000007bf800000)
  from space 4096K, 59% used [0x00000007bfc00000,0x00000007bfe5c870,0x00000007c0000000)
  to   space 4096K, 0% used [0x00000007bf800000,0x00000007bf800000,0x00000007bfc00000)
 ParOldGen       total 300032K, used 139071K [0x0000000700000000, 0x0000000712500000, 0x00000007bc400000)
  object space 300032K, 46% used [0x0000000700000000,0x00000007087cfd88,0x0000000712500000)
 Metaspace       used 87886K, capacity 88667K, committed 89344K, reserved 1126400K
  class space    used 13077K, capacity 13222K, committed 13312K, reserved 1048576K
}
Event: 75288.998 GC heap before
{Heap before GC invocations=627 (full 42):
 PSYoungGen      total 57344K, used 55666K [0x00000007bc400000, 0x00000007c0000000, 0x00000007c0000000)
  eden space 53248K, 100% used [0x00000007bc400000,0x00000007bf800000,0x00000007bf800000)
  from space 4096K, 59% used [0x00000007bfc00000,0x00000007bfe5c870,0x00000007c0000000)
  to   space 4096K, 0% used [0x00000007bf800000,0x00000007bf800000,0x00000007bfc00000)
 ParOldGen       total 300032K, used 139071K [0x0000000700000000, 0x0000000712500000, 0x00000007bc400000)
  object space 300032K, 46% used [0x0000000700000000,0x00000007087cfd88,0x0000000712500000)
 Metaspace       used 87888K, capacity 88667K, committed 89344K, reserved 1126400K
  class space    used 13077K, capacity 13222K, committed 13312K, reserved 1048576K
Event: 75289.004 GC heap after
Heap after GC invocations=627 (full 42):
 PSYoungGen      total 57344K, used 2388K [0x00000007bc400000, 0x00000007c0000000, 0x00000007c0000000)
  eden space 53248K, 0% used [0x00000007bc400000,0x00000007bc400000,0x00000007bf800000)
  from space 4096K, 58% used [0x00000007bf800000,0x00000007bfa55368,0x00000007bfc00000)
  to   space 4096K, 0% used [0x00000007bfc00000,0x00000007bfc00000,0x00000007c0000000)
 ParOldGen       total 300032K, used 139071K [0x0000000700000000, 0x0000000712500000, 0x00000007bc400000)
  object space 300032K, 46% used [0x0000000700000000,0x00000007087cfd88,0x0000000712500000)
 Metaspace       used 87888K, capacity 88667K, committed 89344K, reserved 1126400K
  class space    used 13077K, capacity 13222K, committed 13312K, reserved 1048576K
}
Event: 75298.684 GC heap before
{Heap before GC invocations=628 (full 42):
 PSYoungGen      total 57344K, used 55636K [0x00000007bc400000, 0x00000007c0000000, 0x00000007c0000000)
  eden space 53248K, 100% used [0x00000007bc400000,0x00000007bf800000,0x00000007bf800000)
  from space 4096K, 58% used [0x00000007bf800000,0x00000007bfa55368,0x00000007bfc00000)
  to   space 4096K, 0% used [0x00000007bfc00000,0x00000007bfc00000,0x00000007c0000000)
 ParOldGen       total 300032K, used 139071K [0x0000000700000000, 0x0000000712500000, 0x00000007bc400000)
  object space 300032K, 46% used [0x0000000700000000,0x00000007087cfd88,0x0000000712500000)
 Metaspace       used 87903K, capacity 88667K, committed 89344K, reserved 1126400K
  class space    used 13077K, capacity 13222K, committed 13312K, reserved 1048576K
Event: 75298.690 GC heap after
Heap after GC invocations=628 (full 42):
 PSYoungGen      total 57344K, used 2620K [0x00000007bc400000, 0x00000007c0000000, 0x00000007c0000000)
  eden space 53248K, 0% used [0x00000007bc400000,0x00000007bc400000,0x00000007bf800000)
  from space 4096K, 63% used [0x00000007bfc00000,0x00000007bfe8f388,0x00000007c0000000)
  to   space 4096K, 0% used [0x00000007bf800000,0x00000007bf800000,0x00000007bfc00000)
 ParOldGen       total 300032K, used 139071K [0x0000000700000000, 0x0000000712500000, 0x00000007bc400000)
  object space 300032K, 46% used [0x0000000700000000,0x00000007087cfd88,0x0000000712500000)
 Metaspace       used 87903K, capacity 88667K, committed 89344K, reserved 1126400K
  class space    used 13077K, capacity 13222K, committed 13312K, reserved 1048576K
}

