# JRE version: Java(TM) SE Runtime Environment (8.0_66-b18) (build 1.8.0_66-b18)
# Java VM: Java HotSpot(TM) 64-Bit Server VM (25.66-b18 mixed mode windows-amd64 compressed oops)
Heap:
 PSYoungGen      total 162304K, used 119057K [0x00000000f5580000, 0x0000000100000000, 0x0000000100000000)
  eden space 150016K, 73% used [0x00000000f5580000,0x00000000fc123680,0x00000000fe800000)
  from space 12288K, 71% used [0x00000000ff400000,0x00000000ffca0f68,0x0000000100000000)
  to   space 12288K, 0% used [0x00000000fe800000,0x00000000fe800000,0x00000000ff400000)
 ParOldGen       total 135680K, used 86407K [0x00000000e0000000, 0x00000000e8480000, 0x00000000f5580000)
  object space 135680K, 63% used [0x00000000e0000000,0x00000000e5461e18,0x00000000e8480000)
 Metaspace       used 106971K, capacity 114632K, committed 114712K, reserved 1148928K
  class space    used 12200K, capacity 14611K, committed 14640K, reserved 1048576K
GC Heap History (10 events):
Event: 142686.915 GC heap before
{Heap before GC invocations=639 (full 147):
 PSYoungGen      total 164864K, used 164842K [0x00000000f5580000, 0x0000000100000000, 0x0000000100000000)
  eden space 155136K, 100% used [0x00000000f5580000,0x00000000fed00000,0x00000000fed00000)
  from space 9728K, 99% used [0x00000000fed00000,0x00000000ff67aa58,0x00000000ff680000)
  to   space 9728K, 0% used [0x00000000ff680000,0x00000000ff680000,0x0000000100000000)
 ParOldGen       total 135680K, used 86191K [0x00000000e0000000, 0x00000000e8480000, 0x00000000f5580000)
  object space 135680K, 63% used [0x00000000e0000000,0x00000000e542be18,0x00000000e8480000)
 Metaspace       used 106353K, capacity 114130K, committed 114328K, reserved 1148928K
  class space    used 12138K, capacity 14448K, committed 14512K, reserved 1048576K
Event: 142686.934 GC heap after
Heap after GC invocations=639 (full 147):
 PSYoungGen      total 161792K, used 7122K [0x00000000f5580000, 0x0000000100000000, 0x0000000100000000)
  eden space 152064K, 0% used [0x00000000f5580000,0x00000000f5580000,0x00000000fea00000)
  from space 9728K, 73% used [0x00000000ff680000,0x00000000ffd74b28,0x0000000100000000)
  to   space 11264K, 0% used [0x00000000fea00000,0x00000000fea00000,0x00000000ff500000)
 ParOldGen       total 135680K, used 86191K [0x00000000e0000000, 0x00000000e8480000, 0x00000000f5580000)
  object space 135680K, 63% used [0x00000000e0000000,0x00000000e542be18,0x00000000e8480000)
 Metaspace       used 106353K, capacity 114130K, committed 114328K, reserved 1148928K
  class space    used 12138K, capacity 14448K, committed 14512K, reserved 1048576K
}
Event: 142854.087 GC heap before
{Heap before GC invocations=640 (full 147):
 PSYoungGen      total 161792K, used 159186K [0x00000000f5580000, 0x0000000100000000, 0x0000000100000000)
  eden space 152064K, 100% used [0x00000000f5580000,0x00000000fea00000,0x00000000fea00000)
  from space 9728K, 73% used [0x00000000ff680000,0x00000000ffd74b28,0x0000000100000000)
  to   space 11264K, 0% used [0x00000000fea00000,0x00000000fea00000,0x00000000ff500000)
 ParOldGen       total 135680K, used 86191K [0x00000000e0000000, 0x00000000e8480000, 0x00000000f5580000)
  object space 135680K, 63% used [0x00000000e0000000,0x00000000e542be18,0x00000000e8480000)
 Metaspace       used 106477K, capacity 114194K, committed 114328K, reserved 1148928K
  class space    used 12149K, capacity 14448K, committed 14512K, reserved 1048576K
Event: 142854.102 GC heap after
Heap after GC invocations=640 (full 147):
 PSYoungGen      total 161280K, used 8931K [0x00000000f5580000, 0x0000000100000000, 0x0000000100000000)
  eden space 152064K, 0% used [0x00000000f5580000,0x00000000f5580000,0x00000000fea00000)
  from space 9216K, 96% used [0x00000000fea00000,0x00000000ff2b8dc0,0x00000000ff300000)
  to   space 11776K, 0% used [0x00000000ff480000,0x00000000ff480000,0x0000000100000000)
 ParOldGen       total 135680K, used 86199K [0x00000000e0000000, 0x00000000e8480000, 0x00000000f5580000)
  object space 135680K, 63% used [0x00000000e0000000,0x00000000e542de18,0x00000000e8480000)
 Metaspace       used 106477K, capacity 114194K, committed 114328K, reserved 1148928K
  class space    used 12149K, capacity 14448K, committed 14512K, reserved 1048576K
}
Event: 142901.812 GC heap before
{Heap before GC invocations=641 (full 147):
 PSYoungGen      total 161280K, used 160995K [0x00000000f5580000, 0x0000000100000000, 0x0000000100000000)
  eden space 152064K, 100% used [0x00000000f5580000,0x00000000fea00000,0x00000000fea00000)
  from space 9216K, 96% used [0x00000000fea00000,0x00000000ff2b8dc0,0x00000000ff300000)
  to   space 11776K, 0% used [0x00000000ff480000,0x00000000ff480000,0x0000000100000000)
 ParOldGen       total 135680K, used 86199K [0x00000000e0000000, 0x00000000e8480000, 0x00000000f5580000)
  object space 135680K, 63% used [0x00000000e0000000,0x00000000e542de18,0x00000000e8480000)
 Metaspace       used 106509K, capacity 114194K, committed 114328K, reserved 1148928K
  class space    used 12149K, capacity 14448K, committed 14512K, reserved 1048576K
Event: 142901.823 GC heap after
Heap after GC invocations=641 (full 147):
 PSYoungGen      total 161792K, used 9411K [0x00000000f5580000, 0x0000000100000000, 0x0000000100000000)
  eden space 150016K, 0% used [0x00000000f5580000,0x00000000f5580000,0x00000000fe800000)
  from space 11776K, 79% used [0x00000000ff480000,0x00000000ffdb0e68,0x0000000100000000)
  to   space 12288K, 0% used [0x00000000fe800000,0x00000000fe800000,0x00000000ff400000)
 ParOldGen       total 135680K, used 86207K [0x00000000e0000000, 0x00000000e8480000, 0x00000000f5580000)
  object space 135680K, 63% used [0x00000000e0000000,0x00000000e542fe18,0x00000000e8480000)
 Metaspace       used 106509K, capacity 114194K, committed 114328K, reserved 1148928K
  class space    used 12149K, capacity 14448K, committed 14512K, reserved 1048576K
}
Event: 143117.972 GC heap before
{Heap before GC invocations=642 (full 147):
 PSYoungGen      total 161792K, used 159427K [0x00000000f5580000, 0x0000000100000000, 0x0000000100000000)
  eden space 150016K, 100% used [0x00000000f5580000,0x00000000fe800000,0x00000000fe800000)
  from space 11776K, 79% used [0x00000000ff480000,0x00000000ffdb0e68,0x0000000100000000)
  to   space 12288K, 0% used [0x00000000fe800000,0x00000000fe800000,0x00000000ff400000)
 ParOldGen       total 135680K, used 86207K [0x00000000e0000000, 0x00000000e8480000, 0x00000000f5580000)
  object space 135680K, 63% used [0x00000000e0000000,0x00000000e542fe18,0x00000000e8480000)
 Metaspace       used 106514K, capacity 114194K, committed 114328K, reserved 1148928K
  class space    used 12149K, capacity 14448K, committed 14512K, reserved 1048576K
Event: 143117.980 GC heap after
Heap after GC invocations=642 (full 147):
 PSYoungGen      total 162304K, used 8883K [0x00000000f5580000, 0x0000000100000000, 0x0000000100000000)
  eden space 150016K, 0% used [0x00000000f5580000,0x00000000f5580000,0x00000000fe800000)
  from space 12288K, 72% used [0x00000000fe800000,0x00000000ff0acfc8,0x00000000ff400000)
  to   space 12288K, 0% used [0x00000000ff400000,0x00000000ff400000,0x0000000100000000)
 ParOldGen       total 135680K, used 86279K [0x00000000e0000000, 0x00000000e8480000, 0x00000000f5580000)
  object space 135680K, 63% used [0x00000000e0000000,0x00000000e5441e18,0x00000000e8480000)
 Metaspace       used 106514K, capacity 114194K, committed 114328K, reserved 1148928K
  class space    used 12149K, capacity 14448K, committed 14512K, reserved 1048576K
}
Event: 143184.167 GC heap before
{Heap before GC invocations=643 (full 147):
 PSYoungGen      total 162304K, used 158899K [0x00000000f5580000, 0x0000000100000000, 0x0000000100000000)
  eden space 150016K, 100% used [0x00000000f5580000,0x00000000fe800000,0x00000000fe800000)
  from space 12288K, 72% used [0x00000000fe800000,0x00000000ff0acfc8,0x00000000ff400000)
  to   space 12288K, 0% used [0x00000000ff400000,0x00000000ff400000,0x0000000100000000)
 ParOldGen       total 135680K, used 86279K [0x00000000e0000000, 0x00000000e8480000, 0x00000000f5580000)
  object space 135680K, 63% used [0x00000000e0000000,0x00000000e5441e18,0x00000000e8480000)
 Metaspace       used 106520K, capacity 114194K, committed 114328K, reserved 1148928K
  class space    used 12149K, capacity 14448K, committed 14512K, reserved 1048576K
Event: 143184.174 GC heap after
Heap after GC invocations=643 (full 147):
 PSYoungGen      total 162304K, used 8835K [0x00000000f5580000, 0x0000000100000000, 0x0000000100000000)
  eden space 150016K, 0% used [0x00000000f5580000,0x00000000f5580000,0x00000000fe800000)
  from space 12288K, 71% used [0x00000000ff400000,0x00000000ffca0f68,0x0000000100000000)
  to   space 12288K, 0% used [0x00000000fe800000,0x00000000fe800000,0x00000000ff400000)
 ParOldGen       total 135680K, used 86407K [0x00000000e0000000, 0x00000000e8480000, 0x00000000f5580000)
  object space 135680K, 63% used [0x00000000e0000000,0x00000000e5461e18,0x00000000e8480000)
 Metaspace       used 106520K, capacity 114194K, committed 114328K, reserved 1148928K
  class space    used 12149K, capacity 14448K, committed 14512K, reserved 1048576K
}

