# JRE version: Java(TM) SE Runtime Environment (8.0_66-b18) (build 1.8.0_66-b18)
# Java VM: Java HotSpot(TM) 64-Bit Server VM (25.66-b18 mixed mode windows-amd64 compressed oops)
Heap:
 PSYoungGen      total 168448K, used 22014K [0x00000000f5580000, 0x0000000100000000, 0x0000000100000000)
  eden space 162304K, 12% used [0x00000000f5580000,0x00000000f69f3aa0,0x00000000ff400000)
  from space 6144K, 17% used [0x00000000ffa00000,0x00000000ffb0c010,0x0000000100000000)
  to   space 6144K, 0% used [0x00000000ff400000,0x00000000ff400000,0x00000000ffa00000)
 ParOldGen       total 229888K, used 199539K [0x00000000e0000000, 0x00000000ee080000, 0x00000000f5580000)
  object space 229888K, 86% used [0x00000000e0000000,0x00000000ec2dcf38,0x00000000ee080000)
 Metaspace       used 108115K, capacity 116346K, committed 116632K, reserved 1150976K
  class space    used 12447K, capacity 14968K, committed 15024K, reserved 1048576K
GC Heap History (10 events):
Event: 10473.913 GC heap before
{Heap before GC invocations=2086 (full 8):
 PSYoungGen      total 168448K, used 163654K [0x00000000f5580000, 0x0000000100000000, 0x0000000100000000)
  eden space 162816K, 100% used [0x00000000f5580000,0x00000000ff480000,0x00000000ff480000)
  from space 5632K, 14% used [0x00000000ff480000,0x00000000ff551b30,0x00000000ffa00000)
  to   space 5632K, 0% used [0x00000000ffa80000,0x00000000ffa80000,0x0000000100000000)
 ParOldGen       total 229888K, used 199299K [0x00000000e0000000, 0x00000000ee080000, 0x00000000f5580000)
  object space 229888K, 86% used [0x00000000e0000000,0x00000000ec2a0f38,0x00000000ee080000)
 Metaspace       used 107683K, capacity 115760K, committed 116120K, reserved 1150976K
  class space    used 12403K, capacity 14903K, committed 15024K, reserved 1048576K
Event: 10473.919 GC heap after
Heap after GC invocations=2086 (full 8):
 PSYoungGen      total 167936K, used 688K [0x00000000f5580000, 0x0000000100000000, 0x0000000100000000)
  eden space 162304K, 0% used [0x00000000f5580000,0x00000000f5580000,0x00000000ff400000)
  from space 5632K, 12% used [0x00000000ffa80000,0x00000000ffb2c010,0x0000000100000000)
  to   space 6144K, 0% used [0x00000000ff400000,0x00000000ff400000,0x00000000ffa00000)
 ParOldGen       total 229888K, used 199355K [0x00000000e0000000, 0x00000000ee080000, 0x00000000f5580000)
  object space 229888K, 86% used [0x00000000e0000000,0x00000000ec2aef38,0x00000000ee080000)
 Metaspace       used 107683K, capacity 115760K, committed 116120K, reserved 1150976K
  class space    used 12403K, capacity 14903K, committed 15024K, reserved 1048576K
}
Event: 10481.314 GC heap before
{Heap before GC invocations=2087 (full 8):
 PSYoungGen      total 167936K, used 162992K [0x00000000f5580000, 0x0000000100000000, 0x0000000100000000)
  eden space 162304K, 100% used [0x00000000f5580000,0x00000000ff400000,0x00000000ff400000)
  from space 5632K, 12% used [0x00000000ffa80000,0x00000000ffb2c010,0x0000000100000000)
  to   space 6144K, 0% used [0x00000000ff400000,0x00000000ff400000,0x00000000ffa00000)
 ParOldGen       total 229888K, used 199355K [0x00000000e0000000, 0x00000000ee080000, 0x00000000f5580000)
  object space 229888K, 86% used [0x00000000e0000000,0x00000000ec2aef38,0x00000000ee080000)
 Metaspace       used 107683K, capacity 115760K, committed 116120K, reserved 1150976K
  class space    used 12403K, capacity 14903K, committed 15024K, reserved 1048576K
Event: 10481.320 GC heap after
Heap after GC invocations=2087 (full 8):
 PSYoungGen      total 168448K, used 624K [0x00000000f5580000, 0x0000000100000000, 0x0000000100000000)
  eden space 162304K, 0% used [0x00000000f5580000,0x00000000f5580000,0x00000000ff400000)
  from space 6144K, 10% used [0x00000000ff400000,0x00000000ff49c010,0x00000000ffa00000)
  to   space 6144K, 0% used [0x00000000ffa00000,0x00000000ffa00000,0x0000000100000000)
 ParOldGen       total 229888K, used 199427K [0x00000000e0000000, 0x00000000ee080000, 0x00000000f5580000)
  object space 229888K, 86% used [0x00000000e0000000,0x00000000ec2c0f38,0x00000000ee080000)
 Metaspace       used 107683K, capacity 115760K, committed 116120K, reserved 1150976K
  class space    used 12403K, capacity 14903K, committed 15024K, reserved 1048576K
}
Event: 10487.233 GC heap before
{Heap before GC invocations=2088 (full 8):
 PSYoungGen      total 168448K, used 162928K [0x00000000f5580000, 0x0000000100000000, 0x0000000100000000)
  eden space 162304K, 100% used [0x00000000f5580000,0x00000000ff400000,0x00000000ff400000)
  from space 6144K, 10% used [0x00000000ff400000,0x00000000ff49c010,0x00000000ffa00000)
  to   space 6144K, 0% used [0x00000000ffa00000,0x00000000ffa00000,0x0000000100000000)
 ParOldGen       total 229888K, used 199427K [0x00000000e0000000, 0x00000000ee080000, 0x00000000f5580000)
  object space 229888K, 86% used [0x00000000e0000000,0x00000000ec2c0f38,0x00000000ee080000)
 Metaspace       used 107683K, capacity 115760K, committed 116120K, reserved 1150976K
  class space    used 12403K, capacity 14903K, committed 15024K, reserved 1048576K
Event: 10487.240 GC heap after
Heap after GC invocations=2088 (full 8):
 PSYoungGen      total 168448K, used 624K [0x00000000f5580000, 0x0000000100000000, 0x0000000100000000)
  eden space 162304K, 0% used [0x00000000f5580000,0x00000000f5580000,0x00000000ff400000)
  from space 6144K, 10% used [0x00000000ffa00000,0x00000000ffa9c010,0x0000000100000000)
  to   space 6144K, 0% used [0x00000000ff400000,0x00000000ff400000,0x00000000ffa00000)
 ParOldGen       total 229888K, used 199427K [0x00000000e0000000, 0x00000000ee080000, 0x00000000f5580000)
  object space 229888K, 86% used [0x00000000e0000000,0x00000000ec2c0f38,0x00000000ee080000)
 Metaspace       used 107683K, capacity 115760K, committed 116120K, reserved 1150976K
  class space    used 12403K, capacity 14903K, committed 15024K, reserved 1048576K
}
Event: 10491.648 GC heap before
{Heap before GC invocations=2089 (full 8):
 PSYoungGen      total 168448K, used 162928K [0x00000000f5580000, 0x0000000100000000, 0x0000000100000000)
  eden space 162304K, 100% used [0x00000000f5580000,0x00000000ff400000,0x00000000ff400000)
  from space 6144K, 10% used [0x00000000ffa00000,0x00000000ffa9c010,0x0000000100000000)
  to   space 6144K, 0% used [0x00000000ff400000,0x00000000ff400000,0x00000000ffa00000)
 ParOldGen       total 229888K, used 199427K [0x00000000e0000000, 0x00000000ee080000, 0x00000000f5580000)
  object space 229888K, 86% used [0x00000000e0000000,0x00000000ec2c0f38,0x00000000ee080000)
 Metaspace       used 107683K, capacity 115760K, committed 116120K, reserved 1150976K
  class space    used 12403K, capacity 14903K, committed 15024K, reserved 1048576K
Event: 10491.652 GC heap after
Heap after GC invocations=2089 (full 8):
 PSYoungGen      total 168448K, used 592K [0x00000000f5580000, 0x0000000100000000, 0x0000000100000000)
  eden space 162304K, 0% used [0x00000000f5580000,0x00000000f5580000,0x00000000ff400000)
  from space 6144K, 9% used [0x00000000ff400000,0x00000000ff494010,0x00000000ffa00000)
  to   space 6144K, 0% used [0x00000000ffa00000,0x00000000ffa00000,0x0000000100000000)
 ParOldGen       total 229888K, used 199483K [0x00000000e0000000, 0x00000000ee080000, 0x00000000f5580000)
  object space 229888K, 86% used [0x00000000e0000000,0x00000000ec2cef38,0x00000000ee080000)
 Metaspace       used 107683K, capacity 115760K, committed 116120K, reserved 1150976K
  class space    used 12403K, capacity 14903K, committed 15024K, reserved 1048576K
}
Event: 10494.619 GC heap before
{Heap before GC invocations=2090 (full 8):
 PSYoungGen      total 168448K, used 162896K [0x00000000f5580000, 0x0000000100000000, 0x0000000100000000)
  eden space 162304K, 100% used [0x00000000f5580000,0x00000000ff400000,0x00000000ff400000)
  from space 6144K, 9% used [0x00000000ff400000,0x00000000ff494010,0x00000000ffa00000)
  to   space 6144K, 0% used [0x00000000ffa00000,0x00000000ffa00000,0x0000000100000000)
 ParOldGen       total 229888K, used 199483K [0x00000000e0000000, 0x00000000ee080000, 0x00000000f5580000)
  object space 229888K, 86% used [0x00000000e0000000,0x00000000ec2cef38,0x00000000ee080000)
 Metaspace       used 107722K, capacity 115792K, committed 116120K, reserved 1150976K
  class space    used 12405K, capacity 14935K, committed 15024K, reserved 1048576K
Event: 10494.624 GC heap after
Heap after GC invocations=2090 (full 8):
 PSYoungGen      total 168448K, used 1072K [0x00000000f5580000, 0x0000000100000000, 0x0000000100000000)
  eden space 162304K, 0% used [0x00000000f5580000,0x00000000f5580000,0x00000000ff400000)
  from space 6144K, 17% used [0x00000000ffa00000,0x00000000ffb0c010,0x0000000100000000)
  to   space 6144K, 0% used [0x00000000ff400000,0x00000000ff400000,0x00000000ffa00000)
 ParOldGen       total 229888K, used 199539K [0x00000000e0000000, 0x00000000ee080000, 0x00000000f5580000)
  object space 229888K, 86% used [0x00000000e0000000,0x00000000ec2dcf38,0x00000000ee080000)
 Metaspace       used 107722K, capacity 115792K, committed 116120K, reserved 1150976K
  class space    used 12405K, capacity 14935K, committed 15024K, reserved 1048576K
}

