# JRE version: Java(TM) SE Runtime Environment (8.0_66-b18) (build 1.8.0_66-b18)
# Java VM: Java HotSpot(TM) 64-Bit Server VM (25.66-b18 mixed mode windows-amd64 compressed oops)
Heap:
 PSYoungGen      total 166400K, used 121436K [0x00000000f5580000, 0x0000000100000000, 0x0000000100000000)
  eden space 158208K, 72% used [0x00000000f5580000,0x00000000fc5aacc0,0x00000000ff000000)
  from space 8192K, 80% used [0x00000000ff000000,0x00000000ff66c448,0x00000000ff800000)
  to   space 8192K, 0% used [0x00000000ff800000,0x00000000ff800000,0x0000000100000000)
 ParOldGen       total 159744K, used 147300K [0x00000000e0000000, 0x00000000e9c00000, 0x00000000f5580000)
  object space 159744K, 92% used [0x00000000e0000000,0x00000000e8fd9300,0x00000000e9c00000)
 Metaspace       used 103423K, capacity 111170K, committed 111384K, reserved 1146880K
  class space    used 11462K, capacity 13785K, committed 13848K, reserved 1048576K
GC Heap History (10 events):
Event: 66975.225 GC heap before
{Heap before GC invocations=686 (full 5):
 PSYoungGen      total 166400K, used 164632K [0x00000000f5580000, 0x0000000100000000, 0x0000000100000000)
  eden space 158208K, 100% used [0x00000000f5580000,0x00000000ff000000,0x00000000ff000000)
  from space 8192K, 78% used [0x00000000ff800000,0x00000000ffe462a0,0x0000000100000000)
  to   space 8192K, 0% used [0x00000000ff000000,0x00000000ff000000,0x00000000ff800000)
 ParOldGen       total 159744K, used 146756K [0x00000000e0000000, 0x00000000e9c00000, 0x00000000f5580000)
  object space 159744K, 91% used [0x00000000e0000000,0x00000000e8f51290,0x00000000e9c00000)
 Metaspace       used 102806K, capacity 110380K, committed 110616K, reserved 1146880K
  class space    used 11398K, capacity 13718K, committed 13848K, reserved 1048576K
Event: 66975.233 GC heap after
Heap after GC invocations=686 (full 5):
 PSYoungGen      total 166400K, used 5416K [0x00000000f5580000, 0x0000000100000000, 0x0000000100000000)
  eden space 158208K, 0% used [0x00000000f5580000,0x00000000f5580000,0x00000000ff000000)
  from space 8192K, 66% used [0x00000000ff000000,0x00000000ff54a2d8,0x00000000ff800000)
  to   space 8192K, 0% used [0x00000000ff800000,0x00000000ff800000,0x0000000100000000)
 ParOldGen       total 159744K, used 146948K [0x00000000e0000000, 0x00000000e9c00000, 0x00000000f5580000)
  object space 159744K, 91% used [0x00000000e0000000,0x00000000e8f81290,0x00000000e9c00000)
 Metaspace       used 102806K, capacity 110380K, committed 110616K, reserved 1146880K
  class space    used 11398K, capacity 13718K, committed 13848K, reserved 1048576K
}
Event: 67032.715 GC heap before
{Heap before GC invocations=687 (full 5):
 PSYoungGen      total 166400K, used 163624K [0x00000000f5580000, 0x0000000100000000, 0x0000000100000000)
  eden space 158208K, 100% used [0x00000000f5580000,0x00000000ff000000,0x00000000ff000000)
  from space 8192K, 66% used [0x00000000ff000000,0x00000000ff54a2d8,0x00000000ff800000)
  to   space 8192K, 0% used [0x00000000ff800000,0x00000000ff800000,0x0000000100000000)
 ParOldGen       total 159744K, used 146948K [0x00000000e0000000, 0x00000000e9c00000, 0x00000000f5580000)
  object space 159744K, 91% used [0x00000000e0000000,0x00000000e8f81290,0x00000000e9c00000)
 Metaspace       used 102816K, capacity 110508K, committed 110872K, reserved 1146880K
  class space    used 11398K, capacity 13718K, committed 13848K, reserved 1048576K
Event: 67032.724 GC heap after
Heap after GC invocations=687 (full 5):
 PSYoungGen      total 166400K, used 6376K [0x00000000f5580000, 0x0000000100000000, 0x0000000100000000)
  eden space 158208K, 0% used [0x00000000f5580000,0x00000000f5580000,0x00000000ff000000)
  from space 8192K, 77% used [0x00000000ff800000,0x00000000ffe3a2b8,0x0000000100000000)
  to   space 8192K, 0% used [0x00000000ff000000,0x00000000ff000000,0x00000000ff800000)
 ParOldGen       total 159744K, used 147172K [0x00000000e0000000, 0x00000000e9c00000, 0x00000000f5580000)
  object space 159744K, 92% used [0x00000000e0000000,0x00000000e8fb9300,0x00000000e9c00000)
 Metaspace       used 102816K, capacity 110508K, committed 110872K, reserved 1146880K
  class space    used 11398K, capacity 13718K, committed 13848K, reserved 1048576K
}
Event: 67232.192 GC heap before
{Heap before GC invocations=688 (full 5):
 PSYoungGen      total 166400K, used 164584K [0x00000000f5580000, 0x0000000100000000, 0x0000000100000000)
  eden space 158208K, 100% used [0x00000000f5580000,0x00000000ff000000,0x00000000ff000000)
  from space 8192K, 77% used [0x00000000ff800000,0x00000000ffe3a2b8,0x0000000100000000)
  to   space 8192K, 0% used [0x00000000ff000000,0x00000000ff000000,0x00000000ff800000)
 ParOldGen       total 159744K, used 147172K [0x00000000e0000000, 0x00000000e9c00000, 0x00000000f5580000)
  object space 159744K, 92% used [0x00000000e0000000,0x00000000e8fb9300,0x00000000e9c00000)
 Metaspace       used 102822K, capacity 110508K, committed 110872K, reserved 1146880K
  class space    used 11398K, capacity 13718K, committed 13848K, reserved 1048576K
Event: 67232.201 GC heap after
Heap after GC invocations=688 (full 5):
 PSYoungGen      total 166400K, used 6680K [0x00000000f5580000, 0x0000000100000000, 0x0000000100000000)
  eden space 158208K, 0% used [0x00000000f5580000,0x00000000f5580000,0x00000000ff000000)
  from space 8192K, 81% used [0x00000000ff000000,0x00000000ff6862e8,0x00000000ff800000)
  to   space 8192K, 0% used [0x00000000ff800000,0x00000000ff800000,0x0000000100000000)
 ParOldGen       total 159744K, used 147196K [0x00000000e0000000, 0x00000000e9c00000, 0x00000000f5580000)
  object space 159744K, 92% used [0x00000000e0000000,0x00000000e8fbf300,0x00000000e9c00000)
 Metaspace       used 102822K, capacity 110508K, committed 110872K, reserved 1146880K
  class space    used 11398K, capacity 13718K, committed 13848K, reserved 1048576K
}
Event: 67309.814 GC heap before
{Heap before GC invocations=689 (full 5):
 PSYoungGen      total 166400K, used 164888K [0x00000000f5580000, 0x0000000100000000, 0x0000000100000000)
  eden space 158208K, 100% used [0x00000000f5580000,0x00000000ff000000,0x00000000ff000000)
  from space 8192K, 81% used [0x00000000ff000000,0x00000000ff6862e8,0x00000000ff800000)
  to   space 8192K, 0% used [0x00000000ff800000,0x00000000ff800000,0x0000000100000000)
 ParOldGen       total 159744K, used 147196K [0x00000000e0000000, 0x00000000e9c00000, 0x00000000f5580000)
  object space 159744K, 92% used [0x00000000e0000000,0x00000000e8fbf300,0x00000000e9c00000)
 Metaspace       used 102825K, capacity 110572K, committed 110872K, reserved 1146880K
  class space    used 11398K, capacity 13718K, committed 13848K, reserved 1048576K
Event: 67309.822 GC heap after
Heap after GC invocations=689 (full 5):
 PSYoungGen      total 166400K, used 6001K [0x00000000f5580000, 0x0000000100000000, 0x0000000100000000)
  eden space 158208K, 0% used [0x00000000f5580000,0x00000000f5580000,0x00000000ff000000)
  from space 8192K, 73% used [0x00000000ff800000,0x00000000ffddc448,0x0000000100000000)
  to   space 8192K, 0% used [0x00000000ff000000,0x00000000ff000000,0x00000000ff800000)
 ParOldGen       total 159744K, used 147244K [0x00000000e0000000, 0x00000000e9c00000, 0x00000000f5580000)
  object space 159744K, 92% used [0x00000000e0000000,0x00000000e8fcb300,0x00000000e9c00000)
 Metaspace       used 102825K, capacity 110572K, committed 110872K, reserved 1146880K
  class space    used 11398K, capacity 13718K, committed 13848K, reserved 1048576K
}
Event: 67378.848 GC heap before
{Heap before GC invocations=690 (full 5):
 PSYoungGen      total 166400K, used 164209K [0x00000000f5580000, 0x0000000100000000, 0x0000000100000000)
  eden space 158208K, 100% used [0x00000000f5580000,0x00000000ff000000,0x00000000ff000000)
  from space 8192K, 73% used [0x00000000ff800000,0x00000000ffddc448,0x0000000100000000)
  to   space 8192K, 0% used [0x00000000ff000000,0x00000000ff000000,0x00000000ff800000)
 ParOldGen       total 159744K, used 147244K [0x00000000e0000000, 0x00000000e9c00000, 0x00000000f5580000)
  object space 159744K, 92% used [0x00000000e0000000,0x00000000e8fcb300,0x00000000e9c00000)
 Metaspace       used 102845K, capacity 110572K, committed 110872K, reserved 1146880K
  class space    used 11398K, capacity 13718K, committed 13848K, reserved 1048576K
Event: 67378.860 GC heap after
Heap after GC invocations=690 (full 5):
 PSYoungGen      total 166400K, used 6577K [0x00000000f5580000, 0x0000000100000000, 0x0000000100000000)
  eden space 158208K, 0% used [0x00000000f5580000,0x00000000f5580000,0x00000000ff000000)
  from space 8192K, 80% used [0x00000000ff000000,0x00000000ff66c448,0x00000000ff800000)
  to   space 8192K, 0% used [0x00000000ff800000,0x00000000ff800000,0x0000000100000000)
 ParOldGen       total 159744K, used 147300K [0x00000000e0000000, 0x00000000e9c00000, 0x00000000f5580000)
  object space 159744K, 92% used [0x00000000e0000000,0x00000000e8fd9300,0x00000000e9c00000)
 Metaspace       used 102845K, capacity 110572K, committed 110872K, reserved 1146880K
  class space    used 11398K, capacity 13718K, committed 13848K, reserved 1048576K
}

