# JRE version: Java(TM) SE Runtime Environment (8.0_66-b18) (build 1.8.0_66-b18)
# Java VM: Java HotSpot(TM) 64-Bit Server VM (25.66-b18 mixed mode windows-amd64 compressed oops)
Heap:
 PSYoungGen      total 100352K, used 45214K [0x00000000f5580000, 0x00000000fce80000, 0x0000000100000000)
  eden space 76800K, 58% used [0x00000000f5580000,0x00000000f81a7ac0,0x00000000fa080000)
  from space 23552K, 0% used [0x00000000fb780000,0x00000000fb780000,0x00000000fce80000)
  to   space 23552K, 0% used [0x00000000fa080000,0x00000000fa080000,0x00000000fb780000)
 ParOldGen       total 115200K, used 49423K [0x00000000e0000000, 0x00000000e7080000, 0x00000000f5580000)
  object space 115200K, 42% used [0x00000000e0000000,0x00000000e3043f50,0x00000000e7080000)
 Metaspace       used 74674K, capacity 81120K, committed 81456K, reserved 1120256K
  class space    used 8993K, capacity 11024K, committed 11056K, reserved 1048576K
GC Heap History (10 events):
Event: 9.949 GC heap before
{Heap before GC invocations=12 (full 3):
 PSYoungGen      total 79360K, used 17919K [0x00000000f5580000, 0x00000000fc480000, 0x0000000100000000)
  eden space 61440K, 0% used [0x00000000f5580000,0x00000000f5580000,0x00000000f9180000)
  from space 17920K, 99% used [0x00000000f9180000,0x00000000fa2ffd10,0x00000000fa300000)
  to   space 21504K, 0% used [0x00000000faf80000,0x00000000faf80000,0x00000000fc480000)
 ParOldGen       total 78848K, used 28705K [0x00000000e0000000, 0x00000000e4d00000, 0x00000000f5580000)
  object space 78848K, 36% used [0x00000000e0000000,0x00000000e1c08628,0x00000000e4d00000)
 Metaspace       used 54423K, capacity 59088K, committed 59160K, reserved 1101824K
  class space    used 6388K, capacity 7854K, committed 7856K, reserved 1048576K
Event: 10.204 GC heap after
Heap after GC invocations=12 (full 3):
 PSYoungGen      total 79360K, used 0K [0x00000000f5580000, 0x00000000fc480000, 0x0000000100000000)
  eden space 61440K, 0% used [0x00000000f5580000,0x00000000f5580000,0x00000000f9180000)
  from space 17920K, 0% used [0x00000000f9180000,0x00000000f9180000,0x00000000fa300000)
  to   space 21504K, 0% used [0x00000000faf80000,0x00000000faf80000,0x00000000fc480000)
 ParOldGen       total 115200K, used 42502K [0x00000000e0000000, 0x00000000e7080000, 0x00000000f5580000)
  object space 115200K, 36% used [0x00000000e0000000,0x00000000e2981910,0x00000000e7080000)
 Metaspace       used 54423K, capacity 59088K, committed 59160K, reserved 1101824K
  class space    used 6388K, capacity 7854K, committed 7856K, reserved 1048576K
}
Event: 28.606 GC heap before
{Heap before GC invocations=13 (full 3):
 PSYoungGen      total 79360K, used 61440K [0x00000000f5580000, 0x00000000fc480000, 0x0000000100000000)
  eden space 61440K, 100% used [0x00000000f5580000,0x00000000f9180000,0x00000000f9180000)
  from space 17920K, 0% used [0x00000000f9180000,0x00000000f9180000,0x00000000fa300000)
  to   space 21504K, 0% used [0x00000000faf80000,0x00000000faf80000,0x00000000fc480000)
 ParOldGen       total 115200K, used 42502K [0x00000000e0000000, 0x00000000e7080000, 0x00000000f5580000)
  object space 115200K, 36% used [0x00000000e0000000,0x00000000e2981910,0x00000000e7080000)
 Metaspace       used 64832K, capacity 70968K, committed 71088K, reserved 1110016K
  class space    used 7638K, capacity 9544K, committed 9648K, reserved 1048576K
Event: 28.624 GC heap after
Heap after GC invocations=13 (full 3):
 PSYoungGen      total 90624K, used 17097K [0x00000000f5580000, 0x00000000fc700000, 0x0000000100000000)
  eden space 69120K, 0% used [0x00000000f5580000,0x00000000f5580000,0x00000000f9900000)
  from space 21504K, 79% used [0x00000000faf80000,0x00000000fc032458,0x00000000fc480000)
  to   space 23040K, 0% used [0x00000000f9900000,0x00000000f9900000,0x00000000faf80000)
 ParOldGen       total 115200K, used 42510K [0x00000000e0000000, 0x00000000e7080000, 0x00000000f5580000)
  object space 115200K, 36% used [0x00000000e0000000,0x00000000e2983910,0x00000000e7080000)
 Metaspace       used 64832K, capacity 70968K, committed 71088K, reserved 1110016K
  class space    used 7638K, capacity 9544K, committed 9648K, reserved 1048576K
}
Event: 58.095 GC heap before
{Heap before GC invocations=14 (full 3):
 PSYoungGen      total 90624K, used 86217K [0x00000000f5580000, 0x00000000fc700000, 0x0000000100000000)
  eden space 69120K, 100% used [0x00000000f5580000,0x00000000f9900000,0x00000000f9900000)
  from space 21504K, 79% used [0x00000000faf80000,0x00000000fc032458,0x00000000fc480000)
  to   space 23040K, 0% used [0x00000000f9900000,0x00000000f9900000,0x00000000faf80000)
 ParOldGen       total 115200K, used 42510K [0x00000000e0000000, 0x00000000e7080000, 0x00000000f5580000)
  object space 115200K, 36% used [0x00000000e0000000,0x00000000e2983910,0x00000000e7080000)
 Metaspace       used 70161K, capacity 76212K, committed 76464K, reserved 1116160K
  class space    used 8436K, capacity 10330K, committed 10416K, reserved 1048576K
Event: 58.116 GC heap after
Heap after GC invocations=14 (full 3):
 PSYoungGen      total 92160K, used 15794K [0x00000000f5580000, 0x00000000fce80000, 0x0000000100000000)
  eden space 69120K, 0% used [0x00000000f5580000,0x00000000f5580000,0x00000000f9900000)
  from space 23040K, 68% used [0x00000000f9900000,0x00000000fa86ca00,0x00000000faf80000)
  to   space 23552K, 0% used [0x00000000fb780000,0x00000000fb780000,0x00000000fce80000)
 ParOldGen       total 115200K, used 42518K [0x00000000e0000000, 0x00000000e7080000, 0x00000000f5580000)
  object space 115200K, 36% used [0x00000000e0000000,0x00000000e2985910,0x00000000e7080000)
 Metaspace       used 70161K, capacity 76212K, committed 76464K, reserved 1116160K
  class space    used 8436K, capacity 10330K, committed 10416K, reserved 1048576K
}
Event: 72.905 GC heap before
{Heap before GC invocations=15 (full 3):
 PSYoungGen      total 92160K, used 52071K [0x00000000f5580000, 0x00000000fce80000, 0x0000000100000000)
  eden space 69120K, 52% used [0x00000000f5580000,0x00000000f78ed518,0x00000000f9900000)
  from space 23040K, 68% used [0x00000000f9900000,0x00000000fa86ca00,0x00000000faf80000)
  to   space 23552K, 0% used [0x00000000fb780000,0x00000000fb780000,0x00000000fce80000)
 ParOldGen       total 115200K, used 42518K [0x00000000e0000000, 0x00000000e7080000, 0x00000000f5580000)
  object space 115200K, 36% used [0x00000000e0000000,0x00000000e2985910,0x00000000e7080000)
 Metaspace       used 73411K, capacity 79592K, committed 79920K, reserved 1118208K
  class space    used 8878K, capacity 10795K, committed 10800K, reserved 1048576K
Event: 72.928 GC heap after
Heap after GC invocations=15 (full 3):
 PSYoungGen      total 100352K, used 15556K [0x00000000f5580000, 0x00000000fce80000, 0x0000000100000000)
  eden space 76800K, 0% used [0x00000000f5580000,0x00000000f5580000,0x00000000fa080000)
  from space 23552K, 66% used [0x00000000fb780000,0x00000000fc6b1050,0x00000000fce80000)
  to   space 23552K, 0% used [0x00000000fa080000,0x00000000fa080000,0x00000000fb780000)
 ParOldGen       total 115200K, used 42526K [0x00000000e0000000, 0x00000000e7080000, 0x00000000f5580000)
  object space 115200K, 36% used [0x00000000e0000000,0x00000000e2987910,0x00000000e7080000)
 Metaspace       used 73411K, capacity 79592K, committed 79920K, reserved 1118208K
  class space    used 8878K, capacity 10795K, committed 10800K, reserved 1048576K
}
Event: 72.928 GC heap before
{Heap before GC invocations=16 (full 4):
 PSYoungGen      total 100352K, used 15556K [0x00000000f5580000, 0x00000000fce80000, 0x0000000100000000)
  eden space 76800K, 0% used [0x00000000f5580000,0x00000000f5580000,0x00000000fa080000)
  from space 23552K, 66% used [0x00000000fb780000,0x00000000fc6b1050,0x00000000fce80000)
  to   space 23552K, 0% used [0x00000000fa080000,0x00000000fa080000,0x00000000fb780000)
 ParOldGen       total 115200K, used 42526K [0x00000000e0000000, 0x00000000e7080000, 0x00000000f5580000)
  object space 115200K, 36% used [0x00000000e0000000,0x00000000e2987910,0x00000000e7080000)
 Metaspace       used 73411K, capacity 79592K, committed 79920K, reserved 1118208K
  class space    used 8878K, capacity 10795K, committed 10800K, reserved 1048576K
Event: 73.215 GC heap after
Heap after GC invocations=16 (full 4):
 PSYoungGen      total 100352K, used 0K [0x00000000f5580000, 0x00000000fce80000, 0x0000000100000000)
  eden space 76800K, 0% used [0x00000000f5580000,0x00000000f5580000,0x00000000fa080000)
  from space 23552K, 0% used [0x00000000fb780000,0x00000000fb780000,0x00000000fce80000)
  to   space 23552K, 0% used [0x00000000fa080000,0x00000000fa080000,0x00000000fb780000)
 ParOldGen       total 115200K, used 49423K [0x00000000e0000000, 0x00000000e7080000, 0x00000000f5580000)
  object space 115200K, 42% used [0x00000000e0000000,0x00000000e3043f50,0x00000000e7080000)
 Metaspace       used 73411K, capacity 79592K, committed 79920K, reserved 1118208K
  class space    used 8878K, capacity 10795K, committed 10800K, reserved 1048576K
}

