# JRE version: Java(TM) SE Runtime Environment (8.0_66-b18) (build 1.8.0_66-b18)
# Java VM: Java HotSpot(TM) 64-Bit Server VM (25.66-b18 mixed mode windows-amd64 compressed oops)
Heap:
 PSYoungGen      total 98816K, used 24471K [0x00000000f5580000, 0x00000000fd580000, 0x0000000100000000)
  eden space 75776K, 11% used [0x00000000f5580000,0x00000000f5e0d2b8,0x00000000f9f80000)
  from space 23040K, 68% used [0x00000000f9f80000,0x00000000faed8b10,0x00000000fb600000)
  to   space 23552K, 0% used [0x00000000fbe80000,0x00000000fbe80000,0x00000000fd580000)
 ParOldGen       total 111104K, used 42118K [0x00000000e0000000, 0x00000000e6c80000, 0x00000000f5580000)
  object space 111104K, 37% used [0x00000000e0000000,0x00000000e2921970,0x00000000e6c80000)
 Metaspace       used 70354K, capacity 76532K, committed 76672K, reserved 1116160K
  class space    used 8342K, capacity 10330K, committed 10368K, reserved 1048576K
GC Heap History (10 events):
Event: 9.086 GC heap before
{Heap before GC invocations=10 (full 2):
 PSYoungGen      total 73728K, used 60416K [0x00000000f5580000, 0x00000000fb780000, 0x0000000100000000)
  eden space 60416K, 100% used [0x00000000f5580000,0x00000000f9080000,0x00000000f9080000)
  from space 13312K, 0% used [0x00000000f9080000,0x00000000f9080000,0x00000000f9d80000)
  to   space 15360K, 0% used [0x00000000fa880000,0x00000000fa880000,0x00000000fb780000)
 ParOldGen       total 76288K, used 25712K [0x00000000e0000000, 0x00000000e4a80000, 0x00000000f5580000)
  object space 76288K, 33% used [0x00000000e0000000,0x00000000e191c0f0,0x00000000e4a80000)
 Metaspace       used 43501K, capacity 47124K, committed 47488K, reserved 1089536K
  class space    used 5211K, capacity 6408K, committed 6528K, reserved 1048576K
Event: 9.123 GC heap after
Heap after GC invocations=10 (full 2):
 PSYoungGen      total 82432K, used 15345K [0x00000000f5580000, 0x00000000fc480000, 0x0000000100000000)
  eden space 67072K, 0% used [0x00000000f5580000,0x00000000f5580000,0x00000000f9700000)
  from space 15360K, 99% used [0x00000000fa880000,0x00000000fb77c738,0x00000000fb780000)
  to   space 17920K, 0% used [0x00000000f9700000,0x00000000f9700000,0x00000000fa880000)
 ParOldGen       total 76288K, used 26691K [0x00000000e0000000, 0x00000000e4a80000, 0x00000000f5580000)
  object space 76288K, 34% used [0x00000000e0000000,0x00000000e1a10c60,0x00000000e4a80000)
 Metaspace       used 43501K, capacity 47124K, committed 47488K, reserved 1089536K
  class space    used 5211K, capacity 6408K, committed 6528K, reserved 1048576K
}
Event: 12.908 GC heap before
{Heap before GC invocations=11 (full 2):
 PSYoungGen      total 82432K, used 74211K [0x00000000f5580000, 0x00000000fc480000, 0x0000000100000000)
  eden space 67072K, 87% used [0x00000000f5580000,0x00000000f8efc4e8,0x00000000f9700000)
  from space 15360K, 99% used [0x00000000fa880000,0x00000000fb77c738,0x00000000fb780000)
  to   space 17920K, 0% used [0x00000000f9700000,0x00000000f9700000,0x00000000fa880000)
 ParOldGen       total 76288K, used 26691K [0x00000000e0000000, 0x00000000e4a80000, 0x00000000f5580000)
  object space 76288K, 34% used [0x00000000e0000000,0x00000000e1a10c60,0x00000000e4a80000)
 Metaspace       used 54239K, capacity 58856K, committed 59008K, reserved 1099776K
  class space    used 6375K, capacity 7790K, committed 7808K, reserved 1048576K
Event: 12.931 GC heap after
Heap after GC invocations=11 (full 2):
 PSYoungGen      total 84992K, used 17900K [0x00000000f5580000, 0x00000000fcb00000, 0x0000000100000000)
  eden space 67072K, 0% used [0x00000000f5580000,0x00000000f5580000,0x00000000f9700000)
  from space 17920K, 99% used [0x00000000f9700000,0x00000000fa87b2c0,0x00000000fa880000)
  to   space 21504K, 0% used [0x00000000fb600000,0x00000000fb600000,0x00000000fcb00000)
 ParOldGen       total 76288K, used 29116K [0x00000000e0000000, 0x00000000e4a80000, 0x00000000f5580000)
  object space 76288K, 38% used [0x00000000e0000000,0x00000000e1c6f3d0,0x00000000e4a80000)
 Metaspace       used 54239K, capacity 58856K, committed 59008K, reserved 1099776K
  class space    used 6375K, capacity 7790K, committed 7808K, reserved 1048576K
}
Event: 12.931 GC heap before
{Heap before GC invocations=12 (full 3):
 PSYoungGen      total 84992K, used 17900K [0x00000000f5580000, 0x00000000fcb00000, 0x0000000100000000)
  eden space 67072K, 0% used [0x00000000f5580000,0x00000000f5580000,0x00000000f9700000)
  from space 17920K, 99% used [0x00000000f9700000,0x00000000fa87b2c0,0x00000000fa880000)
  to   space 21504K, 0% used [0x00000000fb600000,0x00000000fb600000,0x00000000fcb00000)
 ParOldGen       total 76288K, used 29116K [0x00000000e0000000, 0x00000000e4a80000, 0x00000000f5580000)
  object space 76288K, 38% used [0x00000000e0000000,0x00000000e1c6f3d0,0x00000000e4a80000)
 Metaspace       used 54239K, capacity 58856K, committed 59008K, reserved 1099776K
  class space    used 6375K, capacity 7790K, committed 7808K, reserved 1048576K
Event: 13.196 GC heap after
Heap after GC invocations=12 (full 3):
 PSYoungGen      total 84992K, used 0K [0x00000000f5580000, 0x00000000fcb00000, 0x0000000100000000)
  eden space 67072K, 0% used [0x00000000f5580000,0x00000000f5580000,0x00000000f9700000)
  from space 17920K, 0% used [0x00000000f9700000,0x00000000f9700000,0x00000000fa880000)
  to   space 21504K, 0% used [0x00000000fb600000,0x00000000fb600000,0x00000000fcb00000)
 ParOldGen       total 111104K, used 42102K [0x00000000e0000000, 0x00000000e6c80000, 0x00000000f5580000)
  object space 111104K, 37% used [0x00000000e0000000,0x00000000e291d970,0x00000000e6c80000)
 Metaspace       used 54239K, capacity 58856K, committed 59008K, reserved 1099776K
  class space    used 6375K, capacity 7790K, committed 7808K, reserved 1048576K
}
Event: 35.718 GC heap before
{Heap before GC invocations=13 (full 3):
 PSYoungGen      total 84992K, used 67072K [0x00000000f5580000, 0x00000000fcb00000, 0x0000000100000000)
  eden space 67072K, 100% used [0x00000000f5580000,0x00000000f9700000,0x00000000f9700000)
  from space 17920K, 0% used [0x00000000f9700000,0x00000000f9700000,0x00000000fa880000)
  to   space 21504K, 0% used [0x00000000fb600000,0x00000000fb600000,0x00000000fcb00000)
 ParOldGen       total 111104K, used 42102K [0x00000000e0000000, 0x00000000e6c80000, 0x00000000f5580000)
  object space 111104K, 37% used [0x00000000e0000000,0x00000000e291d970,0x00000000e6c80000)
 Metaspace       used 65525K, capacity 71406K, committed 71680K, reserved 1112064K
  class space    used 7761K, capacity 9633K, committed 9728K, reserved 1048576K
Event: 35.735 GC heap after
Heap after GC invocations=13 (full 3):
 PSYoungGen      total 97280K, used 18021K [0x00000000f5580000, 0x00000000fcd00000, 0x0000000100000000)
  eden space 75776K, 0% used [0x00000000f5580000,0x00000000f5580000,0x00000000f9f80000)
  from space 21504K, 83% used [0x00000000fb600000,0x00000000fc799620,0x00000000fcb00000)
  to   space 23040K, 0% used [0x00000000f9f80000,0x00000000f9f80000,0x00000000fb600000)
 ParOldGen       total 111104K, used 42110K [0x00000000e0000000, 0x00000000e6c80000, 0x00000000f5580000)
  object space 111104K, 37% used [0x00000000e0000000,0x00000000e291f970,0x00000000e6c80000)
 Metaspace       used 65525K, capacity 71406K, committed 71680K, reserved 1112064K
  class space    used 7761K, capacity 9633K, committed 9728K, reserved 1048576K
}
Event: 124.994 GC heap before
{Heap before GC invocations=14 (full 3):
 PSYoungGen      total 97280K, used 93797K [0x00000000f5580000, 0x00000000fcd00000, 0x0000000100000000)
  eden space 75776K, 100% used [0x00000000f5580000,0x00000000f9f80000,0x00000000f9f80000)
  from space 21504K, 83% used [0x00000000fb600000,0x00000000fc799620,0x00000000fcb00000)
  to   space 23040K, 0% used [0x00000000f9f80000,0x00000000f9f80000,0x00000000fb600000)
 ParOldGen       total 111104K, used 42110K [0x00000000e0000000, 0x00000000e6c80000, 0x00000000f5580000)
  object space 111104K, 37% used [0x00000000e0000000,0x00000000e291f970,0x00000000e6c80000)
 Metaspace       used 70109K, capacity 76172K, committed 76288K, reserved 1116160K
  class space    used 8317K, capacity 10230K, committed 10240K, reserved 1048576K
Event: 125.008 GC heap after
Heap after GC invocations=14 (full 3):
 PSYoungGen      total 98816K, used 15714K [0x00000000f5580000, 0x00000000fd580000, 0x0000000100000000)
  eden space 75776K, 0% used [0x00000000f5580000,0x00000000f5580000,0x00000000f9f80000)
  from space 23040K, 68% used [0x00000000f9f80000,0x00000000faed8b10,0x00000000fb600000)
  to   space 23552K, 0% used [0x00000000fbe80000,0x00000000fbe80000,0x00000000fd580000)
 ParOldGen       total 111104K, used 42118K [0x00000000e0000000, 0x00000000e6c80000, 0x00000000f5580000)
  object space 111104K, 37% used [0x00000000e0000000,0x00000000e2921970,0x00000000e6c80000)
 Metaspace       used 70109K, capacity 76172K, committed 76288K, reserved 1116160K
  class space    used 8317K, capacity 10230K, committed 10240K, reserved 1048576K
}

