# JRE version: Java(TM) SE Runtime Environment (8.0_66-b18) (build 1.8.0_66-b18)
# Java VM: Java HotSpot(TM) 64-Bit Server VM (25.66-b18 mixed mode windows-amd64 compressed oops)
Heap:
 PSYoungGen      total 169984K, used 95607K [0x00000000f5580000, 0x0000000100000000, 0x0000000100000000)
  eden space 165376K, 56% used [0x00000000f5580000,0x00000000fb058850,0x00000000ff700000)
  from space 4608K, 56% used [0x00000000ffb80000,0x00000000ffe055a8,0x0000000100000000)
  to   space 4608K, 0% used [0x00000000ff700000,0x00000000ff700000,0x00000000ffb80000)
 ParOldGen       total 290816K, used 156848K [0x00000000e0000000, 0x00000000f1c00000, 0x00000000f5580000)
  object space 290816K, 53% used [0x00000000e0000000,0x00000000e992c220,0x00000000f1c00000)
 Metaspace       used 113027K, capacity 120968K, committed 121384K, reserved 1155072K
  class space    used 12995K, capacity 15593K, committed 15656K, reserved 1048576K
GC Heap History (10 events):
Event: 17717.115 GC heap before
{Heap before GC invocations=2513 (full 9):
 PSYoungGen      total 171520K, used 171268K [0x00000000f5580000, 0x0000000100000000, 0x0000000100000000)
  eden space 168448K, 100% used [0x00000000f5580000,0x00000000ffa00000,0x00000000ffa00000)
  from space 3072K, 91% used [0x00000000ffa00000,0x00000000ffcc11a0,0x00000000ffd00000)
  to   space 3072K, 0% used [0x00000000ffd00000,0x00000000ffd00000,0x0000000100000000)
 ParOldGen       total 290816K, used 156512K [0x00000000e0000000, 0x00000000f1c00000, 0x00000000f5580000)
  object space 290816K, 53% used [0x00000000e0000000,0x00000000e98d8220,0x00000000f1c00000)
 Metaspace       used 112230K, capacity 120236K, committed 120744K, reserved 1155072K
  class space    used 12903K, capacity 15397K, committed 15528K, reserved 1048576K
Event: 17717.125 GC heap after
Heap after GC invocations=2513 (full 9):
 PSYoungGen      total 169472K, used 2732K [0x00000000f5580000, 0x0000000100000000, 0x0000000100000000)
  eden space 166400K, 0% used [0x00000000f5580000,0x00000000f5580000,0x00000000ff800000)
  from space 3072K, 88% used [0x00000000ffd00000,0x00000000fffab3f0,0x0000000100000000)
  to   space 4096K, 0% used [0x00000000ff800000,0x00000000ff800000,0x00000000ffc00000)
 ParOldGen       total 290816K, used 156632K [0x00000000e0000000, 0x00000000f1c00000, 0x00000000f5580000)
  object space 290816K, 53% used [0x00000000e0000000,0x00000000e98f6220,0x00000000f1c00000)
 Metaspace       used 112230K, capacity 120236K, committed 120744K, reserved 1155072K
  class space    used 12903K, capacity 15397K, committed 15528K, reserved 1048576K
}
Event: 17724.366 GC heap before
{Heap before GC invocations=2514 (full 9):
 PSYoungGen      total 169472K, used 169132K [0x00000000f5580000, 0x0000000100000000, 0x0000000100000000)
  eden space 166400K, 100% used [0x00000000f5580000,0x00000000ff800000,0x00000000ff800000)
  from space 3072K, 88% used [0x00000000ffd00000,0x00000000fffab3f0,0x0000000100000000)
  to   space 4096K, 0% used [0x00000000ff800000,0x00000000ff800000,0x00000000ffc00000)
 ParOldGen       total 290816K, used 156632K [0x00000000e0000000, 0x00000000f1c00000, 0x00000000f5580000)
  object space 290816K, 53% used [0x00000000e0000000,0x00000000e98f6220,0x00000000f1c00000)
 Metaspace       used 112606K, capacity 120670K, committed 121000K, reserved 1155072K
  class space    used 12954K, capacity 15496K, committed 15528K, reserved 1048576K
Event: 17724.378 GC heap after
Heap after GC invocations=2514 (full 9):
 PSYoungGen      total 170496K, used 2955K [0x00000000f5580000, 0x0000000100000000, 0x0000000100000000)
  eden space 166400K, 0% used [0x00000000f5580000,0x00000000f5580000,0x00000000ff800000)
  from space 4096K, 72% used [0x00000000ff800000,0x00000000ffae2c00,0x00000000ffc00000)
  to   space 4096K, 0% used [0x00000000ffc00000,0x00000000ffc00000,0x0000000100000000)
 ParOldGen       total 290816K, used 156784K [0x00000000e0000000, 0x00000000f1c00000, 0x00000000f5580000)
  object space 290816K, 53% used [0x00000000e0000000,0x00000000e991c220,0x00000000f1c00000)
 Metaspace       used 112606K, capacity 120670K, committed 121000K, reserved 1155072K
  class space    used 12954K, capacity 15496K, committed 15528K, reserved 1048576K
}
Event: 17730.784 GC heap before
{Heap before GC invocations=2515 (full 9):
 PSYoungGen      total 170496K, used 169355K [0x00000000f5580000, 0x0000000100000000, 0x0000000100000000)
  eden space 166400K, 100% used [0x00000000f5580000,0x00000000ff800000,0x00000000ff800000)
  from space 4096K, 72% used [0x00000000ff800000,0x00000000ffae2c00,0x00000000ffc00000)
  to   space 4096K, 0% used [0x00000000ffc00000,0x00000000ffc00000,0x0000000100000000)
 ParOldGen       total 290816K, used 156784K [0x00000000e0000000, 0x00000000f1c00000, 0x00000000f5580000)
  object space 290816K, 53% used [0x00000000e0000000,0x00000000e991c220,0x00000000f1c00000)
 Metaspace       used 112607K, capacity 120670K, committed 121000K, reserved 1155072K
  class space    used 12954K, capacity 15496K, committed 15528K, reserved 1048576K
Event: 17730.790 GC heap after
Heap after GC invocations=2515 (full 9):
 PSYoungGen      total 170496K, used 2645K [0x00000000f5580000, 0x0000000100000000, 0x0000000100000000)
  eden space 166400K, 0% used [0x00000000f5580000,0x00000000f5580000,0x00000000ff800000)
  from space 4096K, 64% used [0x00000000ffc00000,0x00000000ffe955a8,0x0000000100000000)
  to   space 4096K, 0% used [0x00000000ff800000,0x00000000ff800000,0x00000000ffc00000)
 ParOldGen       total 290816K, used 156840K [0x00000000e0000000, 0x00000000f1c00000, 0x00000000f5580000)
  object space 290816K, 53% used [0x00000000e0000000,0x00000000e992a220,0x00000000f1c00000)
 Metaspace       used 112607K, capacity 120670K, committed 121000K, reserved 1155072K
  class space    used 12954K, capacity 15496K, committed 15528K, reserved 1048576K
}
Event: 17735.523 GC heap before
{Heap before GC invocations=2516 (full 9):
 PSYoungGen      total 170496K, used 169045K [0x00000000f5580000, 0x0000000100000000, 0x0000000100000000)
  eden space 166400K, 100% used [0x00000000f5580000,0x00000000ff800000,0x00000000ff800000)
  from space 4096K, 64% used [0x00000000ffc00000,0x00000000ffe955a8,0x0000000100000000)
  to   space 4096K, 0% used [0x00000000ff800000,0x00000000ff800000,0x00000000ffc00000)
 ParOldGen       total 290816K, used 156840K [0x00000000e0000000, 0x00000000f1c00000, 0x00000000f5580000)
  object space 290816K, 53% used [0x00000000e0000000,0x00000000e992a220,0x00000000f1c00000)
 Metaspace       used 112607K, capacity 120670K, committed 121000K, reserved 1155072K
  class space    used 12954K, capacity 15496K, committed 15528K, reserved 1048576K
Event: 17735.528 GC heap after
Heap after GC invocations=2516 (full 9):
 PSYoungGen      total 169472K, used 2613K [0x00000000f5580000, 0x0000000100000000, 0x0000000100000000)
  eden space 166400K, 0% used [0x00000000f5580000,0x00000000f5580000,0x00000000ff800000)
  from space 3072K, 85% used [0x00000000ff800000,0x00000000ffa8d5a8,0x00000000ffb00000)
  to   space 4608K, 0% used [0x00000000ffb80000,0x00000000ffb80000,0x0000000100000000)
 ParOldGen       total 290816K, used 156848K [0x00000000e0000000, 0x00000000f1c00000, 0x00000000f5580000)
  object space 290816K, 53% used [0x00000000e0000000,0x00000000e992c220,0x00000000f1c00000)
 Metaspace       used 112607K, capacity 120670K, committed 121000K, reserved 1155072K
  class space    used 12954K, capacity 15496K, committed 15528K, reserved 1048576K
}
Event: 17738.296 GC heap before
{Heap before GC invocations=2517 (full 9):
 PSYoungGen      total 169472K, used 169013K [0x00000000f5580000, 0x0000000100000000, 0x0000000100000000)
  eden space 166400K, 100% used [0x00000000f5580000,0x00000000ff800000,0x00000000ff800000)
  from space 3072K, 85% used [0x00000000ff800000,0x00000000ffa8d5a8,0x00000000ffb00000)
  to   space 4608K, 0% used [0x00000000ffb80000,0x00000000ffb80000,0x0000000100000000)
 ParOldGen       total 290816K, used 156848K [0x00000000e0000000, 0x00000000f1c00000, 0x00000000f5580000)
  object space 290816K, 53% used [0x00000000e0000000,0x00000000e992c220,0x00000000f1c00000)
 Metaspace       used 112607K, capacity 120670K, committed 121000K, reserved 1155072K
  class space    used 12954K, capacity 15496K, committed 15528K, reserved 1048576K
Event: 17738.301 GC heap after
Heap after GC invocations=2517 (full 9):
 PSYoungGen      total 169984K, used 2581K [0x00000000f5580000, 0x0000000100000000, 0x0000000100000000)
  eden space 165376K, 0% used [0x00000000f5580000,0x00000000f5580000,0x00000000ff700000)
  from space 4608K, 56% used [0x00000000ffb80000,0x00000000ffe055a8,0x0000000100000000)
  to   space 4608K, 0% used [0x00000000ff700000,0x00000000ff700000,0x00000000ffb80000)
 ParOldGen       total 290816K, used 156848K [0x00000000e0000000, 0x00000000f1c00000, 0x00000000f5580000)
  object space 290816K, 53% used [0x00000000e0000000,0x00000000e992c220,0x00000000f1c00000)
 Metaspace       used 112607K, capacity 120670K, committed 121000K, reserved 1155072K
  class space    used 12954K, capacity 15496K, committed 15528K, reserved 1048576K
}

