# JRE version: Java(TM) SE Runtime Environment (8.0_66-b18) (build 1.8.0_66-b18)
# Java VM: Java HotSpot(TM) 64-Bit Server VM (25.66-b18 mixed mode windows-amd64 compressed oops)
Heap:
 PSYoungGen      total 167936K, used 146362K [0x00000000f5580000, 0x0000000100000000, 0x0000000100000000)
  eden space 162304K, 88% used [0x00000000f5580000,0x00000000fe1fa6d8,0x00000000ff400000)
  from space 5632K, 44% used [0x00000000ff980000,0x00000000ffbf4328,0x00000000fff00000)
  to   space 5632K, 0% used [0x00000000ff400000,0x00000000ff400000,0x00000000ff980000)
 ParOldGen       total 214016K, used 93146K [0x00000000e0000000, 0x00000000ed100000, 0x00000000f5580000)
  object space 214016K, 43% used [0x00000000e0000000,0x00000000e5af6aa0,0x00000000ed100000)
 Metaspace       used 98804K, capacity 106410K, committed 106584K, reserved 1142784K
  class space    used 11258K, capacity 13580K, committed 13696K, reserved 1048576K
GC Heap History (10 events):
Event: 38040.232 GC heap before
{Heap before GC invocations=3233 (full 13):
 PSYoungGen      total 168448K, used 168217K [0x00000000f5580000, 0x0000000100000000, 0x0000000100000000)
  eden space 163328K, 100% used [0x00000000f5580000,0x00000000ff500000,0x00000000ff500000)
  from space 5120K, 95% used [0x00000000ff500000,0x00000000ff9c65c0,0x00000000ffa00000)
  to   space 6144K, 0% used [0x00000000ffa00000,0x00000000ffa00000,0x0000000100000000)
 ParOldGen       total 214016K, used 87094K [0x00000000e0000000, 0x00000000ed100000, 0x00000000f5580000)
  object space 214016K, 40% used [0x00000000e0000000,0x00000000e550da78,0x00000000ed100000)
 Metaspace       used 98050K, capacity 105628K, committed 105816K, reserved 1142784K
  class space    used 11169K, capacity 13413K, committed 13440K, reserved 1048576K
Event: 38040.240 GC heap after
Heap after GC invocations=3233 (full 13):
 PSYoungGen      total 168448K, used 2471K [0x00000000f5580000, 0x0000000100000000, 0x0000000100000000)
  eden space 162304K, 0% used [0x00000000f5580000,0x00000000f5580000,0x00000000ff400000)
  from space 6144K, 40% used [0x00000000ffa00000,0x00000000ffc69d10,0x0000000100000000)
  to   space 6144K, 0% used [0x00000000ff400000,0x00000000ff400000,0x00000000ffa00000)
 ParOldGen       total 214016K, used 91375K [0x00000000e0000000, 0x00000000ed100000, 0x00000000f5580000)
  object space 214016K, 42% used [0x00000000e0000000,0x00000000e593bd10,0x00000000ed100000)
 Metaspace       used 98050K, capacity 105628K, committed 105816K, reserved 1142784K
  class space    used 11169K, capacity 13413K, committed 13440K, reserved 1048576K
}
Event: 38042.787 GC heap before
{Heap before GC invocations=3234 (full 13):
 PSYoungGen      total 168448K, used 164775K [0x00000000f5580000, 0x0000000100000000, 0x0000000100000000)
  eden space 162304K, 100% used [0x00000000f5580000,0x00000000ff400000,0x00000000ff400000)
  from space 6144K, 40% used [0x00000000ffa00000,0x00000000ffc69d10,0x0000000100000000)
  to   space 6144K, 0% used [0x00000000ff400000,0x00000000ff400000,0x00000000ffa00000)
 ParOldGen       total 214016K, used 91375K [0x00000000e0000000, 0x00000000ed100000, 0x00000000f5580000)
  object space 214016K, 42% used [0x00000000e0000000,0x00000000e593bd10,0x00000000ed100000)
 Metaspace       used 98050K, capacity 105628K, committed 105816K, reserved 1142784K
  class space    used 11169K, capacity 13413K, committed 13440K, reserved 1048576K
Event: 38042.793 GC heap after
Heap after GC invocations=3234 (full 13):
 PSYoungGen      total 168448K, used 352K [0x00000000f5580000, 0x0000000100000000, 0x0000000100000000)
  eden space 162304K, 0% used [0x00000000f5580000,0x00000000f5580000,0x00000000ff400000)
  from space 6144K, 5% used [0x00000000ff400000,0x00000000ff458000,0x00000000ffa00000)
  to   space 6144K, 0% used [0x00000000ffa00000,0x00000000ffa00000,0x0000000100000000)
 ParOldGen       total 214016K, used 93114K [0x00000000e0000000, 0x00000000ed100000, 0x00000000f5580000)
  object space 214016K, 43% used [0x00000000e0000000,0x00000000e5aeeaa0,0x00000000ed100000)
 Metaspace       used 98050K, capacity 105628K, committed 105816K, reserved 1142784K
  class space    used 11169K, capacity 13413K, committed 13440K, reserved 1048576K
}
Event: 38045.341 GC heap before
{Heap before GC invocations=3235 (full 13):
 PSYoungGen      total 168448K, used 162656K [0x00000000f5580000, 0x0000000100000000, 0x0000000100000000)
  eden space 162304K, 100% used [0x00000000f5580000,0x00000000ff400000,0x00000000ff400000)
  from space 6144K, 5% used [0x00000000ff400000,0x00000000ff458000,0x00000000ffa00000)
  to   space 6144K, 0% used [0x00000000ffa00000,0x00000000ffa00000,0x0000000100000000)
 ParOldGen       total 214016K, used 93114K [0x00000000e0000000, 0x00000000ed100000, 0x00000000f5580000)
  object space 214016K, 43% used [0x00000000e0000000,0x00000000e5aeeaa0,0x00000000ed100000)
 Metaspace       used 98050K, capacity 105628K, committed 105816K, reserved 1142784K
  class space    used 11169K, capacity 13413K, committed 13440K, reserved 1048576K
Event: 38045.344 GC heap after
Heap after GC invocations=3235 (full 13):
 PSYoungGen      total 168448K, used 448K [0x00000000f5580000, 0x0000000100000000, 0x0000000100000000)
  eden space 162304K, 0% used [0x00000000f5580000,0x00000000f5580000,0x00000000ff400000)
  from space 6144K, 7% used [0x00000000ffa00000,0x00000000ffa70000,0x0000000100000000)
  to   space 6144K, 0% used [0x00000000ff400000,0x00000000ff400000,0x00000000ffa00000)
 ParOldGen       total 214016K, used 93146K [0x00000000e0000000, 0x00000000ed100000, 0x00000000f5580000)
  object space 214016K, 43% used [0x00000000e0000000,0x00000000e5af6aa0,0x00000000ed100000)
 Metaspace       used 98050K, capacity 105628K, committed 105816K, reserved 1142784K
  class space    used 11169K, capacity 13413K, committed 13440K, reserved 1048576K
}
Event: 38047.178 GC heap before
{Heap before GC invocations=3236 (full 13):
 PSYoungGen      total 168448K, used 162752K [0x00000000f5580000, 0x0000000100000000, 0x0000000100000000)
  eden space 162304K, 100% used [0x00000000f5580000,0x00000000ff400000,0x00000000ff400000)
  from space 6144K, 7% used [0x00000000ffa00000,0x00000000ffa70000,0x0000000100000000)
  to   space 6144K, 0% used [0x00000000ff400000,0x00000000ff400000,0x00000000ffa00000)
 ParOldGen       total 214016K, used 93146K [0x00000000e0000000, 0x00000000ed100000, 0x00000000f5580000)
  object space 214016K, 43% used [0x00000000e0000000,0x00000000e5af6aa0,0x00000000ed100000)
 Metaspace       used 98050K, capacity 105628K, committed 105816K, reserved 1142784K
  class space    used 11169K, capacity 13413K, committed 13440K, reserved 1048576K
Event: 38047.181 GC heap after
Heap after GC invocations=3236 (full 13):
 PSYoungGen      total 163328K, used 672K [0x00000000f5580000, 0x00000000fff00000, 0x0000000100000000)
  eden space 162304K, 0% used [0x00000000f5580000,0x00000000f5580000,0x00000000ff400000)
  from space 1024K, 65% used [0x00000000ff400000,0x00000000ff4a8000,0x00000000ff500000)
  to   space 5632K, 0% used [0x00000000ff980000,0x00000000ff980000,0x00000000fff00000)
 ParOldGen       total 214016K, used 93146K [0x00000000e0000000, 0x00000000ed100000, 0x00000000f5580000)
  object space 214016K, 43% used [0x00000000e0000000,0x00000000e5af6aa0,0x00000000ed100000)
 Metaspace       used 98050K, capacity 105628K, committed 105816K, reserved 1142784K
  class space    used 11169K, capacity 13413K, committed 13440K, reserved 1048576K
}
Event: 38715.480 GC heap before
{Heap before GC invocations=3237 (full 13):
 PSYoungGen      total 163328K, used 162976K [0x00000000f5580000, 0x00000000fff00000, 0x0000000100000000)
  eden space 162304K, 100% used [0x00000000f5580000,0x00000000ff400000,0x00000000ff400000)
  from space 1024K, 65% used [0x00000000ff400000,0x00000000ff4a8000,0x00000000ff500000)
  to   space 5632K, 0% used [0x00000000ff980000,0x00000000ff980000,0x00000000fff00000)
 ParOldGen       total 214016K, used 93146K [0x00000000e0000000, 0x00000000ed100000, 0x00000000f5580000)
  object space 214016K, 43% used [0x00000000e0000000,0x00000000e5af6aa0,0x00000000ed100000)
 Metaspace       used 98066K, capacity 105628K, committed 105816K, reserved 1142784K
  class space    used 11169K, capacity 13413K, committed 13440K, reserved 1048576K
Event: 38715.498 GC heap after
Heap after GC invocations=3237 (full 13):
 PSYoungGen      total 167936K, used 2512K [0x00000000f5580000, 0x0000000100000000, 0x0000000100000000)
  eden space 162304K, 0% used [0x00000000f5580000,0x00000000f5580000,0x00000000ff400000)
  from space 5632K, 44% used [0x00000000ff980000,0x00000000ffbf4328,0x00000000fff00000)
  to   space 5632K, 0% used [0x00000000ff400000,0x00000000ff400000,0x00000000ff980000)
 ParOldGen       total 214016K, used 93146K [0x00000000e0000000, 0x00000000ed100000, 0x00000000f5580000)
  object space 214016K, 43% used [0x00000000e0000000,0x00000000e5af6aa0,0x00000000ed100000)
 Metaspace       used 98066K, capacity 105628K, committed 105816K, reserved 1142784K
  class space    used 11169K, capacity 13413K, committed 13440K, reserved 1048576K
}

