# JRE version: Java(TM) SE Runtime Environment (8.0_66-b18) (build 1.8.0_66-b18)
# Java VM: Java HotSpot(TM) 64-Bit Server VM (25.66-b18 mixed mode windows-amd64 compressed oops)
Heap:
 PSYoungGen      total 95744K, used 44987K [0x00000000f5580000, 0x00000000fcc80000, 0x0000000100000000)
  eden space 95232K, 47% used [0x00000000f5580000,0x00000000f816ec00,0x00000000fb280000)
  from space 512K, 0% used [0x00000000fb280000,0x00000000fb280000,0x00000000fb300000)
  to   space 13312K, 0% used [0x00000000fbf80000,0x00000000fbf80000,0x00000000fcc80000)
 ParOldGen       total 112640K, used 44946K [0x00000000e0000000, 0x00000000e6e00000, 0x00000000f5580000)
  object space 112640K, 39% used [0x00000000e0000000,0x00000000e2be48a8,0x00000000e6e00000)
 Metaspace       used 81298K, capacity 87558K, committed 87960K, reserved 1126400K
  class space    used 9762K, capacity 11821K, committed 11952K, reserved 1048576K
GC Heap History (10 events):
Event: 1203.212 GC heap before
{Heap before GC invocations=56 (full 23):
 PSYoungGen      total 95744K, used 224K [0x00000000f5580000, 0x00000000fd080000, 0x0000000100000000)
  eden space 95232K, 0% used [0x00000000f5580000,0x00000000f5580000,0x00000000fb280000)
  from space 512K, 43% used [0x00000000fb280000,0x00000000fb2b8000,0x00000000fb300000)
  to   space 15360K, 0% used [0x00000000fc180000,0x00000000fc180000,0x00000000fd080000)
 ParOldGen       total 112640K, used 44917K [0x00000000e0000000, 0x00000000e6e00000, 0x00000000f5580000)
  object space 112640K, 39% used [0x00000000e0000000,0x00000000e2bdd638,0x00000000e6e00000)
 Metaspace       used 80107K, capacity 86542K, committed 86680K, reserved 1124352K
  class space    used 9645K, capacity 11656K, committed 11696K, reserved 1048576K
Event: 1203.361 GC heap after
Heap after GC invocations=56 (full 23):
 PSYoungGen      total 95744K, used 0K [0x00000000f5580000, 0x00000000fd080000, 0x0000000100000000)
  eden space 95232K, 0% used [0x00000000f5580000,0x00000000f5580000,0x00000000fb280000)
  from space 512K, 0% used [0x00000000fb280000,0x00000000fb280000,0x00000000fb300000)
  to   space 15360K, 0% used [0x00000000fc180000,0x00000000fc180000,0x00000000fd080000)
 ParOldGen       total 112640K, used 44917K [0x00000000e0000000, 0x00000000e6e00000, 0x00000000f5580000)
  object space 112640K, 39% used [0x00000000e0000000,0x00000000e2bdd638,0x00000000e6e00000)
 Metaspace       used 80107K, capacity 86542K, committed 86680K, reserved 1124352K
  class space    used 9645K, capacity 11656K, committed 11696K, reserved 1048576K
}
Event: 1263.214 GC heap before
{Heap before GC invocations=57 (full 23):
 PSYoungGen      total 95744K, used 8842K [0x00000000f5580000, 0x00000000fd080000, 0x0000000100000000)
  eden space 95232K, 9% used [0x00000000f5580000,0x00000000f5e22a68,0x00000000fb280000)
  from space 512K, 0% used [0x00000000fb280000,0x00000000fb280000,0x00000000fb300000)
  to   space 15360K, 0% used [0x00000000fc180000,0x00000000fc180000,0x00000000fd080000)
 ParOldGen       total 112640K, used 44917K [0x00000000e0000000, 0x00000000e6e00000, 0x00000000f5580000)
  object space 112640K, 39% used [0x00000000e0000000,0x00000000e2bdd638,0x00000000e6e00000)
 Metaspace       used 80116K, capacity 86542K, committed 86680K, reserved 1124352K
  class space    used 9645K, capacity 11656K, committed 11696K, reserved 1048576K
Event: 1263.223 GC heap after
Heap after GC invocations=57 (full 23):
 PSYoungGen      total 108544K, used 544K [0x00000000f5580000, 0x00000000fce80000, 0x0000000100000000)
  eden space 95232K, 0% used [0x00000000f5580000,0x00000000f5580000,0x00000000fb280000)
  from space 13312K, 4% used [0x00000000fc180000,0x00000000fc208000,0x00000000fce80000)
  to   space 14336K, 0% used [0x00000000fb280000,0x00000000fb280000,0x00000000fc080000)
 ParOldGen       total 112640K, used 44925K [0x00000000e0000000, 0x00000000e6e00000, 0x00000000f5580000)
  object space 112640K, 39% used [0x00000000e0000000,0x00000000e2bdf638,0x00000000e6e00000)
 Metaspace       used 80116K, capacity 86542K, committed 86680K, reserved 1124352K
  class space    used 9645K, capacity 11656K, committed 11696K, reserved 1048576K
}
Event: 1263.223 GC heap before
{Heap before GC invocations=58 (full 24):
 PSYoungGen      total 108544K, used 544K [0x00000000f5580000, 0x00000000fce80000, 0x0000000100000000)
  eden space 95232K, 0% used [0x00000000f5580000,0x00000000f5580000,0x00000000fb280000)
  from space 13312K, 4% used [0x00000000fc180000,0x00000000fc208000,0x00000000fce80000)
  to   space 14336K, 0% used [0x00000000fb280000,0x00000000fb280000,0x00000000fc080000)
 ParOldGen       total 112640K, used 44925K [0x00000000e0000000, 0x00000000e6e00000, 0x00000000f5580000)
  object space 112640K, 39% used [0x00000000e0000000,0x00000000e2bdf638,0x00000000e6e00000)
 Metaspace       used 80116K, capacity 86542K, committed 86680K, reserved 1124352K
  class space    used 9645K, capacity 11656K, committed 11696K, reserved 1048576K
Event: 1263.371 GC heap after
Heap after GC invocations=58 (full 24):
 PSYoungGen      total 108544K, used 0K [0x00000000f5580000, 0x00000000fce80000, 0x0000000100000000)
  eden space 95232K, 0% used [0x00000000f5580000,0x00000000f5580000,0x00000000fb280000)
  from space 13312K, 0% used [0x00000000fc180000,0x00000000fc180000,0x00000000fce80000)
  to   space 14336K, 0% used [0x00000000fb280000,0x00000000fb280000,0x00000000fc080000)
 ParOldGen       total 112640K, used 45071K [0x00000000e0000000, 0x00000000e6e00000, 0x00000000f5580000)
  object space 112640K, 40% used [0x00000000e0000000,0x00000000e2c03d10,0x00000000e6e00000)
 Metaspace       used 80116K, capacity 86542K, committed 86680K, reserved 1124352K
  class space    used 9645K, capacity 11656K, committed 11696K, reserved 1048576K
}
Event: 3473.851 GC heap before
{Heap before GC invocations=59 (full 24):
 PSYoungGen      total 108544K, used 4035K [0x00000000f5580000, 0x00000000fce80000, 0x0000000100000000)
  eden space 95232K, 4% used [0x00000000f5580000,0x00000000f5970da0,0x00000000fb280000)
  from space 13312K, 0% used [0x00000000fc180000,0x00000000fc180000,0x00000000fce80000)
  to   space 14336K, 0% used [0x00000000fb280000,0x00000000fb280000,0x00000000fc080000)
 ParOldGen       total 112640K, used 45071K [0x00000000e0000000, 0x00000000e6e00000, 0x00000000f5580000)
  object space 112640K, 40% used [0x00000000e0000000,0x00000000e2c03d10,0x00000000e6e00000)
 Metaspace       used 80132K, capacity 86542K, committed 86680K, reserved 1124352K
  class space    used 9645K, capacity 11656K, committed 11696K, reserved 1048576K
Event: 3473.854 GC heap after
Heap after GC invocations=59 (full 24):
 PSYoungGen      total 95744K, used 448K [0x00000000f5580000, 0x00000000fcc80000, 0x0000000100000000)
  eden space 95232K, 0% used [0x00000000f5580000,0x00000000f5580000,0x00000000fb280000)
  from space 512K, 87% used [0x00000000fb280000,0x00000000fb2f0000,0x00000000fb300000)
  to   space 13312K, 0% used [0x00000000fbf80000,0x00000000fbf80000,0x00000000fcc80000)
 ParOldGen       total 112640K, used 45079K [0x00000000e0000000, 0x00000000e6e00000, 0x00000000f5580000)
  object space 112640K, 40% used [0x00000000e0000000,0x00000000e2c05d10,0x00000000e6e00000)
 Metaspace       used 80132K, capacity 86542K, committed 86680K, reserved 1124352K
  class space    used 9645K, capacity 11656K, committed 11696K, reserved 1048576K
}
Event: 3473.854 GC heap before
{Heap before GC invocations=60 (full 25):
 PSYoungGen      total 95744K, used 448K [0x00000000f5580000, 0x00000000fcc80000, 0x0000000100000000)
  eden space 95232K, 0% used [0x00000000f5580000,0x00000000f5580000,0x00000000fb280000)
  from space 512K, 87% used [0x00000000fb280000,0x00000000fb2f0000,0x00000000fb300000)
  to   space 13312K, 0% used [0x00000000fbf80000,0x00000000fbf80000,0x00000000fcc80000)
 ParOldGen       total 112640K, used 45079K [0x00000000e0000000, 0x00000000e6e00000, 0x00000000f5580000)
  object space 112640K, 40% used [0x00000000e0000000,0x00000000e2c05d10,0x00000000e6e00000)
 Metaspace       used 80132K, capacity 86542K, committed 86680K, reserved 1124352K
  class space    used 9645K, capacity 11656K, committed 11696K, reserved 1048576K
Event: 3474.069 GC heap after
Heap after GC invocations=60 (full 25):
 PSYoungGen      total 95744K, used 0K [0x00000000f5580000, 0x00000000fcc80000, 0x0000000100000000)
  eden space 95232K, 0% used [0x00000000f5580000,0x00000000f5580000,0x00000000fb280000)
  from space 512K, 0% used [0x00000000fb280000,0x00000000fb280000,0x00000000fb300000)
  to   space 13312K, 0% used [0x00000000fbf80000,0x00000000fbf80000,0x00000000fcc80000)
 ParOldGen       total 112640K, used 44946K [0x00000000e0000000, 0x00000000e6e00000, 0x00000000f5580000)
  object space 112640K, 39% used [0x00000000e0000000,0x00000000e2be48a8,0x00000000e6e00000)
 Metaspace       used 80132K, capacity 86542K, committed 86680K, reserved 1124352K
  class space    used 9645K, capacity 11656K, committed 11696K, reserved 1048576K
}

