# JRE version: Java(TM) SE Runtime Environment (8.0_66-b18) (build 1.8.0_66-b18)
# Java VM: Java HotSpot(TM) 64-Bit Server VM (25.66-b18 mixed mode windows-amd64 compressed oops)
Heap:
 PSYoungGen      total 123904K, used 51850K [0x00000000f5580000, 0x00000000fea80000, 0x0000000100000000)
  eden space 99328K, 31% used [0x00000000f5580000,0x00000000f73f43e0,0x00000000fb680000)
  from space 24576K, 84% used [0x00000000fd080000,0x00000000fe4ae610,0x00000000fe880000)
  to   space 26624K, 0% used [0x00000000fb680000,0x00000000fb680000,0x00000000fd080000)
 ParOldGen       total 101888K, used 42008K [0x00000000e0000000, 0x00000000e6380000, 0x00000000f5580000)
  object space 101888K, 41% used [0x00000000e0000000,0x00000000e2906278,0x00000000e6380000)
 Metaspace       used 76909K, capacity 83296K, committed 83608K, reserved 1122304K
  class space    used 9183K, capacity 11323K, committed 11416K, reserved 1048576K
GC Heap History (10 events):
Event: 13.577 GC heap before
{Heap before GC invocations=11 (full 2):
 PSYoungGen      total 95232K, used 73924K [0x00000000f5580000, 0x00000000fcc80000, 0x0000000100000000)
  eden space 79872K, 73% used [0x00000000f5580000,0x00000000f8eb5b70,0x00000000fa380000)
  from space 15360K, 99% used [0x00000000fbd80000,0x00000000fcc7b738,0x00000000fcc80000)
  to   space 17920K, 0% used [0x00000000fa980000,0x00000000fa980000,0x00000000fbb00000)
 ParOldGen       total 70144K, used 26346K [0x00000000e0000000, 0x00000000e4480000, 0x00000000f5580000)
  object space 70144K, 37% used [0x00000000e0000000,0x00000000e19ba8e0,0x00000000e4480000)
 Metaspace       used 54417K, capacity 59078K, committed 59160K, reserved 1099776K
  class space    used 6420K, capacity 7880K, committed 7960K, reserved 1048576K
Event: 13.595 GC heap after
Heap after GC invocations=11 (full 2):
 PSYoungGen      total 103936K, used 17893K [0x00000000f5580000, 0x00000000fdb00000, 0x0000000100000000)
  eden space 86016K, 0% used [0x00000000f5580000,0x00000000f5580000,0x00000000fa980000)
  from space 17920K, 99% used [0x00000000fa980000,0x00000000fbaf9628,0x00000000fbb00000)
  to   space 21504K, 0% used [0x00000000fc600000,0x00000000fc600000,0x00000000fdb00000)
 ParOldGen       total 70144K, used 28644K [0x00000000e0000000, 0x00000000e4480000, 0x00000000f5580000)
  object space 70144K, 40% used [0x00000000e0000000,0x00000000e1bf9328,0x00000000e4480000)
 Metaspace       used 54417K, capacity 59078K, committed 59160K, reserved 1099776K
  class space    used 6420K, capacity 7880K, committed 7960K, reserved 1048576K
}
Event: 13.595 GC heap before
{Heap before GC invocations=12 (full 3):
 PSYoungGen      total 103936K, used 17893K [0x00000000f5580000, 0x00000000fdb00000, 0x0000000100000000)
  eden space 86016K, 0% used [0x00000000f5580000,0x00000000f5580000,0x00000000fa980000)
  from space 17920K, 99% used [0x00000000fa980000,0x00000000fbaf9628,0x00000000fbb00000)
  to   space 21504K, 0% used [0x00000000fc600000,0x00000000fc600000,0x00000000fdb00000)
 ParOldGen       total 70144K, used 28644K [0x00000000e0000000, 0x00000000e4480000, 0x00000000f5580000)
  object space 70144K, 40% used [0x00000000e0000000,0x00000000e1bf9328,0x00000000e4480000)
 Metaspace       used 54417K, capacity 59078K, committed 59160K, reserved 1099776K
  class space    used 6420K, capacity 7880K, committed 7960K, reserved 1048576K
Event: 13.826 GC heap after
Heap after GC invocations=12 (full 3):
 PSYoungGen      total 103936K, used 0K [0x00000000f5580000, 0x00000000fdb00000, 0x0000000100000000)
  eden space 86016K, 0% used [0x00000000f5580000,0x00000000f5580000,0x00000000fa980000)
  from space 17920K, 0% used [0x00000000fa980000,0x00000000fa980000,0x00000000fbb00000)
  to   space 21504K, 0% used [0x00000000fc600000,0x00000000fc600000,0x00000000fdb00000)
 ParOldGen       total 101888K, used 41984K [0x00000000e0000000, 0x00000000e6380000, 0x00000000f5580000)
  object space 101888K, 41% used [0x00000000e0000000,0x00000000e2900278,0x00000000e6380000)
 Metaspace       used 54417K, capacity 59078K, committed 59160K, reserved 1099776K
  class space    used 6420K, capacity 7880K, committed 7960K, reserved 1048576K
}
Event: 30.857 GC heap before
{Heap before GC invocations=13 (full 3):
 PSYoungGen      total 103936K, used 86016K [0x00000000f5580000, 0x00000000fdb00000, 0x0000000100000000)
  eden space 86016K, 100% used [0x00000000f5580000,0x00000000fa980000,0x00000000fa980000)
  from space 17920K, 0% used [0x00000000fa980000,0x00000000fa980000,0x00000000fbb00000)
  to   space 21504K, 0% used [0x00000000fc600000,0x00000000fc600000,0x00000000fdb00000)
 ParOldGen       total 101888K, used 41984K [0x00000000e0000000, 0x00000000e6380000, 0x00000000f5580000)
  object space 101888K, 41% used [0x00000000e0000000,0x00000000e2900278,0x00000000e6380000)
 Metaspace       used 66942K, capacity 73072K, committed 73240K, reserved 1112064K
  class space    used 7967K, capacity 9971K, committed 10008K, reserved 1048576K
Event: 30.877 GC heap after
Heap after GC invocations=13 (full 3):
 PSYoungGen      total 112640K, used 21187K [0x00000000f5580000, 0x00000000fe480000, 0x0000000100000000)
  eden space 91136K, 0% used [0x00000000f5580000,0x00000000f5580000,0x00000000fae80000)
  from space 21504K, 98% used [0x00000000fc600000,0x00000000fdab0f38,0x00000000fdb00000)
  to   space 24064K, 0% used [0x00000000fae80000,0x00000000fae80000,0x00000000fc600000)
 ParOldGen       total 101888K, used 41992K [0x00000000e0000000, 0x00000000e6380000, 0x00000000f5580000)
  object space 101888K, 41% used [0x00000000e0000000,0x00000000e2902278,0x00000000e6380000)
 Metaspace       used 66942K, capacity 73072K, committed 73240K, reserved 1112064K
  class space    used 7967K, capacity 9971K, committed 10008K, reserved 1048576K
}
Event: 149.979 GC heap before
{Heap before GC invocations=14 (full 3):
 PSYoungGen      total 112640K, used 112323K [0x00000000f5580000, 0x00000000fe480000, 0x0000000100000000)
  eden space 91136K, 100% used [0x00000000f5580000,0x00000000fae80000,0x00000000fae80000)
  from space 21504K, 98% used [0x00000000fc600000,0x00000000fdab0f38,0x00000000fdb00000)
  to   space 24064K, 0% used [0x00000000fae80000,0x00000000fae80000,0x00000000fc600000)
 ParOldGen       total 101888K, used 41992K [0x00000000e0000000, 0x00000000e6380000, 0x00000000f5580000)
  object space 101888K, 41% used [0x00000000e0000000,0x00000000e2902278,0x00000000e6380000)
 Metaspace       used 70444K, capacity 76484K, committed 76696K, reserved 1116160K
  class space    used 8347K, capacity 10360K, committed 10392K, reserved 1048576K
Event: 150.003 GC heap after
Heap after GC invocations=14 (full 3):
 PSYoungGen      total 115200K, used 15754K [0x00000000f5580000, 0x00000000fe880000, 0x0000000100000000)
  eden space 91136K, 0% used [0x00000000f5580000,0x00000000f5580000,0x00000000fae80000)
  from space 24064K, 65% used [0x00000000fae80000,0x00000000fbde2b18,0x00000000fc600000)
  to   space 24576K, 0% used [0x00000000fd080000,0x00000000fd080000,0x00000000fe880000)
 ParOldGen       total 101888K, used 42000K [0x00000000e0000000, 0x00000000e6380000, 0x00000000f5580000)
  object space 101888K, 41% used [0x00000000e0000000,0x00000000e2904278,0x00000000e6380000)
 Metaspace       used 70444K, capacity 76484K, committed 76696K, reserved 1116160K
  class space    used 8347K, capacity 10360K, committed 10392K, reserved 1048576K
}
Event: 380.748 GC heap before
{Heap before GC invocations=15 (full 3):
 PSYoungGen      total 115200K, used 106890K [0x00000000f5580000, 0x00000000fe880000, 0x0000000100000000)
  eden space 91136K, 100% used [0x00000000f5580000,0x00000000fae80000,0x00000000fae80000)
  from space 24064K, 65% used [0x00000000fae80000,0x00000000fbde2b18,0x00000000fc600000)
  to   space 24576K, 0% used [0x00000000fd080000,0x00000000fd080000,0x00000000fe880000)
 ParOldGen       total 101888K, used 42000K [0x00000000e0000000, 0x00000000e6380000, 0x00000000f5580000)
  object space 101888K, 41% used [0x00000000e0000000,0x00000000e2904278,0x00000000e6380000)
 Metaspace       used 76263K, capacity 82696K, committed 82840K, reserved 1120256K
  class space    used 9124K, capacity 11126K, committed 11160K, reserved 1048576K
Event: 380.764 GC heap after
Heap after GC invocations=15 (full 3):
 PSYoungGen      total 123904K, used 20665K [0x00000000f5580000, 0x00000000fea80000, 0x0000000100000000)
  eden space 99328K, 0% used [0x00000000f5580000,0x00000000f5580000,0x00000000fb680000)
  from space 24576K, 84% used [0x00000000fd080000,0x00000000fe4ae610,0x00000000fe880000)
  to   space 26624K, 0% used [0x00000000fb680000,0x00000000fb680000,0x00000000fd080000)
 ParOldGen       total 101888K, used 42008K [0x00000000e0000000, 0x00000000e6380000, 0x00000000f5580000)
  object space 101888K, 41% used [0x00000000e0000000,0x00000000e2906278,0x00000000e6380000)
 Metaspace       used 76263K, capacity 82696K, committed 82840K, reserved 1120256K
  class space    used 9124K, capacity 11126K, committed 11160K, reserved 1048576K
}

