# JRE version: Java(TM) SE Runtime Environment (8.0_66-b18) (build 1.8.0_66-b18)
# Java VM: Java HotSpot(TM) 64-Bit Server VM (25.66-b18 mixed mode windows-amd64 compressed oops)
Heap:
 PSYoungGen      total 31232K, used 6752K [0x00000000f5580000, 0x00000000f7d80000, 0x0000000100000000)
  eden space 25600K, 5% used [0x00000000f5580000,0x00000000f56ff0a0,0x00000000f6e80000)
  from space 5632K, 92% used [0x00000000f6e80000,0x00000000f7399330,0x00000000f7400000)
  to   space 7680K, 0% used [0x00000000f7600000,0x00000000f7600000,0x00000000f7d80000)
 ParOldGen       total 97792K, used 77756K [0x00000000e0000000, 0x00000000e5f80000, 0x00000000f5580000)
  object space 97792K, 79% used [0x00000000e0000000,0x00000000e4bef3d8,0x00000000e5f80000)
 Metaspace       used 104563K, capacity 112310K, committed 112432K, reserved 1146880K
  class space    used 11992K, capacity 14367K, committed 14384K, reserved 1048576K
GC Heap History (10 events):
Event: 34889.975 GC heap before
{Heap before GC invocations=268 (full 53):
 PSYoungGen      total 33792K, used 32303K [0x00000000f5580000, 0x00000000f7e00000, 0x0000000100000000)
  eden space 26112K, 100% used [0x00000000f5580000,0x00000000f6f00000,0x00000000f6f00000)
  from space 7680K, 80% used [0x00000000f7680000,0x00000000f7c8bc90,0x00000000f7e00000)
  to   space 7680K, 0% used [0x00000000f6f00000,0x00000000f6f00000,0x00000000f7680000)
 ParOldGen       total 97792K, used 77425K [0x00000000e0000000, 0x00000000e5f80000, 0x00000000f5580000)
  object space 97792K, 79% used [0x00000000e0000000,0x00000000e4b9c750,0x00000000e5f80000)
 Metaspace       used 103691K, capacity 111328K, committed 111536K, reserved 1146880K
  class space    used 11890K, capacity 14236K, committed 14256K, reserved 1048576K
Event: 34889.985 GC heap after
Heap after GC invocations=268 (full 53):
 PSYoungGen      total 33792K, used 5711K [0x00000000f5580000, 0x00000000f7e00000, 0x0000000100000000)
  eden space 26112K, 0% used [0x00000000f5580000,0x00000000f5580000,0x00000000f6f00000)
  from space 7680K, 74% used [0x00000000f6f00000,0x00000000f7493dc8,0x00000000f7680000)
  to   space 7680K, 0% used [0x00000000f7680000,0x00000000f7680000,0x00000000f7e00000)
 ParOldGen       total 97792K, used 77433K [0x00000000e0000000, 0x00000000e5f80000, 0x00000000f5580000)
  object space 97792K, 79% used [0x00000000e0000000,0x00000000e4b9e750,0x00000000e5f80000)
 Metaspace       used 103691K, capacity 111328K, committed 111536K, reserved 1146880K
  class space    used 11890K, capacity 14236K, committed 14256K, reserved 1048576K
}
Event: 34918.782 GC heap before
{Heap before GC invocations=269 (full 53):
 PSYoungGen      total 33792K, used 31823K [0x00000000f5580000, 0x00000000f7e00000, 0x0000000100000000)
  eden space 26112K, 100% used [0x00000000f5580000,0x00000000f6f00000,0x00000000f6f00000)
  from space 7680K, 74% used [0x00000000f6f00000,0x00000000f7493dc8,0x00000000f7680000)
  to   space 7680K, 0% used [0x00000000f7680000,0x00000000f7680000,0x00000000f7e00000)
 ParOldGen       total 97792K, used 77433K [0x00000000e0000000, 0x00000000e5f80000, 0x00000000f5580000)
  object space 97792K, 79% used [0x00000000e0000000,0x00000000e4b9e750,0x00000000e5f80000)
 Metaspace       used 103853K, capacity 111424K, committed 111664K, reserved 1146880K
  class space    used 11913K, capacity 14268K, committed 14384K, reserved 1048576K
Event: 34918.793 GC heap after
Heap after GC invocations=269 (full 53):
 PSYoungGen      total 33280K, used 7579K [0x00000000f5580000, 0x00000000f7f00000, 0x0000000100000000)
  eden space 25600K, 0% used [0x00000000f5580000,0x00000000f5580000,0x00000000f6e80000)
  from space 7680K, 98% used [0x00000000f7680000,0x00000000f7de6c28,0x00000000f7e00000)
  to   space 8192K, 0% used [0x00000000f6e80000,0x00000000f6e80000,0x00000000f7680000)
 ParOldGen       total 97792K, used 77489K [0x00000000e0000000, 0x00000000e5f80000, 0x00000000f5580000)
  object space 97792K, 79% used [0x00000000e0000000,0x00000000e4bac750,0x00000000e5f80000)
 Metaspace       used 103853K, capacity 111424K, committed 111664K, reserved 1146880K
  class space    used 11913K, capacity 14268K, committed 14384K, reserved 1048576K
}
Event: 34947.785 GC heap before
{Heap before GC invocations=270 (full 53):
 PSYoungGen      total 33280K, used 33179K [0x00000000f5580000, 0x00000000f7f00000, 0x0000000100000000)
  eden space 25600K, 100% used [0x00000000f5580000,0x00000000f6e80000,0x00000000f6e80000)
  from space 7680K, 98% used [0x00000000f7680000,0x00000000f7de6c28,0x00000000f7e00000)
  to   space 8192K, 0% used [0x00000000f6e80000,0x00000000f6e80000,0x00000000f7680000)
 ParOldGen       total 97792K, used 77489K [0x00000000e0000000, 0x00000000e5f80000, 0x00000000f5580000)
  object space 97792K, 79% used [0x00000000e0000000,0x00000000e4bac750,0x00000000e5f80000)
 Metaspace       used 103922K, capacity 111616K, committed 111920K, reserved 1146880K
  class space    used 11917K, capacity 14268K, committed 14384K, reserved 1048576K
Event: 34947.796 GC heap after
Heap after GC invocations=270 (full 53):
 PSYoungGen      total 33792K, used 5860K [0x00000000f5580000, 0x00000000f7e80000, 0x0000000100000000)
  eden space 25600K, 0% used [0x00000000f5580000,0x00000000f5580000,0x00000000f6e80000)
  from space 8192K, 71% used [0x00000000f6e80000,0x00000000f7439150,0x00000000f7680000)
  to   space 8192K, 0% used [0x00000000f7680000,0x00000000f7680000,0x00000000f7e80000)
 ParOldGen       total 97792K, used 77588K [0x00000000e0000000, 0x00000000e5f80000, 0x00000000f5580000)
  object space 97792K, 79% used [0x00000000e0000000,0x00000000e4bc52b8,0x00000000e5f80000)
 Metaspace       used 103922K, capacity 111616K, committed 111920K, reserved 1146880K
  class space    used 11917K, capacity 14268K, committed 14384K, reserved 1048576K
}
Event: 34949.156 GC heap before
{Heap before GC invocations=271 (full 53):
 PSYoungGen      total 33792K, used 31460K [0x00000000f5580000, 0x00000000f7e80000, 0x0000000100000000)
  eden space 25600K, 100% used [0x00000000f5580000,0x00000000f6e80000,0x00000000f6e80000)
  from space 8192K, 71% used [0x00000000f6e80000,0x00000000f7439150,0x00000000f7680000)
  to   space 8192K, 0% used [0x00000000f7680000,0x00000000f7680000,0x00000000f7e80000)
 ParOldGen       total 97792K, used 77588K [0x00000000e0000000, 0x00000000e5f80000, 0x00000000f5580000)
  object space 97792K, 79% used [0x00000000e0000000,0x00000000e4bc52b8,0x00000000e5f80000)
 Metaspace       used 104042K, capacity 111858K, committed 112176K, reserved 1146880K
  class space    used 11929K, capacity 14303K, committed 14384K, reserved 1048576K
Event: 34949.163 GC heap after
Heap after GC invocations=271 (full 53):
 PSYoungGen      total 33792K, used 5035K [0x00000000f5580000, 0x00000000f7e80000, 0x0000000100000000)
  eden space 25600K, 0% used [0x00000000f5580000,0x00000000f5580000,0x00000000f6e80000)
  from space 8192K, 61% used [0x00000000f7680000,0x00000000f7b6aec8,0x00000000f7e80000)
  to   space 8192K, 0% used [0x00000000f6e80000,0x00000000f6e80000,0x00000000f7680000)
 ParOldGen       total 97792K, used 77700K [0x00000000e0000000, 0x00000000e5f80000, 0x00000000f5580000)
  object space 97792K, 79% used [0x00000000e0000000,0x00000000e4be13d8,0x00000000e5f80000)
 Metaspace       used 104042K, capacity 111858K, committed 112176K, reserved 1146880K
  class space    used 11929K, capacity 14303K, committed 14384K, reserved 1048576K
}
Event: 34950.993 GC heap before
{Heap before GC invocations=272 (full 53):
 PSYoungGen      total 33792K, used 30635K [0x00000000f5580000, 0x00000000f7e80000, 0x0000000100000000)
  eden space 25600K, 100% used [0x00000000f5580000,0x00000000f6e80000,0x00000000f6e80000)
  from space 8192K, 61% used [0x00000000f7680000,0x00000000f7b6aec8,0x00000000f7e80000)
  to   space 8192K, 0% used [0x00000000f6e80000,0x00000000f6e80000,0x00000000f7680000)
 ParOldGen       total 97792K, used 77700K [0x00000000e0000000, 0x00000000e5f80000, 0x00000000f5580000)
  object space 97792K, 79% used [0x00000000e0000000,0x00000000e4be13d8,0x00000000e5f80000)
 Metaspace       used 104538K, capacity 112310K, committed 112432K, reserved 1146880K
  class space    used 11990K, capacity 14367K, committed 14384K, reserved 1048576K
Event: 34951.017 GC heap after
Heap after GC invocations=272 (full 53):
 PSYoungGen      total 31232K, used 5220K [0x00000000f5580000, 0x00000000f7d80000, 0x0000000100000000)
  eden space 25600K, 0% used [0x00000000f5580000,0x00000000f5580000,0x00000000f6e80000)
  from space 5632K, 92% used [0x00000000f6e80000,0x00000000f7399330,0x00000000f7400000)
  to   space 7680K, 0% used [0x00000000f7600000,0x00000000f7600000,0x00000000f7d80000)
 ParOldGen       total 97792K, used 77756K [0x00000000e0000000, 0x00000000e5f80000, 0x00000000f5580000)
  object space 97792K, 79% used [0x00000000e0000000,0x00000000e4bef3d8,0x00000000e5f80000)
 Metaspace       used 104538K, capacity 112310K, committed 112432K, reserved 1146880K
  class space    used 11990K, capacity 14367K, committed 14384K, reserved 1048576K
}

