# JRE version: Java(TM) SE Runtime Environment (8.0_66-b18) (build 1.8.0_66-b18)
# Java VM: Java HotSpot(TM) 64-Bit Server VM (25.66-b18 mixed mode windows-amd64 compressed oops)
Heap:
 PSYoungGen      total 31744K, used 23213K [0x00000000f5580000, 0x00000000f7800000, 0x0000000100000000)
  eden space 28160K, 74% used [0x00000000f5580000,0x00000000f6a1f440,0x00000000f7100000)
  from space 3584K, 58% used [0x00000000f7480000,0x00000000f768c010,0x00000000f7800000)
  to   space 3584K, 0% used [0x00000000f7100000,0x00000000f7100000,0x00000000f7480000)
 ParOldGen       total 148992K, used 90328K [0x00000000e0000000, 0x00000000e9180000, 0x00000000f5580000)
  object space 148992K, 60% used [0x00000000e0000000,0x00000000e5836118,0x00000000e9180000)
 Metaspace       used 101570K, capacity 109186K, committed 109352K, reserved 1144832K
  class space    used 11431K, capacity 13846K, committed 13864K, reserved 1048576K
GC Heap History (10 events):
Event: 264413.763 GC heap before
{Heap before GC invocations=743 (full 35):
 PSYoungGen      total 32256K, used 30208K [0x00000000f5580000, 0x00000000f7900000, 0x0000000100000000)
  eden space 28160K, 100% used [0x00000000f5580000,0x00000000f7100000,0x00000000f7100000)
  from space 4096K, 50% used [0x00000000f7100000,0x00000000f73002b8,0x00000000f7500000)
  to   space 4096K, 0% used [0x00000000f7500000,0x00000000f7500000,0x00000000f7900000)
 ParOldGen       total 148992K, used 90240K [0x00000000e0000000, 0x00000000e9180000, 0x00000000f5580000)
  object space 148992K, 60% used [0x00000000e0000000,0x00000000e5820118,0x00000000e9180000)
 Metaspace       used 101068K, capacity 108602K, committed 108840K, reserved 1144832K
  class space    used 11374K, capacity 13744K, committed 13864K, reserved 1048576K
Event: 264413.771 GC heap after
Heap after GC invocations=743 (full 35):
 PSYoungGen      total 32256K, used 2144K [0x00000000f5580000, 0x00000000f7900000, 0x0000000100000000)
  eden space 28160K, 0% used [0x00000000f5580000,0x00000000f5580000,0x00000000f7100000)
  from space 4096K, 52% used [0x00000000f7500000,0x00000000f77182b8,0x00000000f7900000)
  to   space 4096K, 0% used [0x00000000f7100000,0x00000000f7100000,0x00000000f7500000)
 ParOldGen       total 148992K, used 90240K [0x00000000e0000000, 0x00000000e9180000, 0x00000000f5580000)
  object space 148992K, 60% used [0x00000000e0000000,0x00000000e5820118,0x00000000e9180000)
 Metaspace       used 101068K, capacity 108602K, committed 108840K, reserved 1144832K
  class space    used 11374K, capacity 13744K, committed 13864K, reserved 1048576K
}
Event: 264610.741 GC heap before
{Heap before GC invocations=744 (full 35):
 PSYoungGen      total 32256K, used 30304K [0x00000000f5580000, 0x00000000f7900000, 0x0000000100000000)
  eden space 28160K, 100% used [0x00000000f5580000,0x00000000f7100000,0x00000000f7100000)
  from space 4096K, 52% used [0x00000000f7500000,0x00000000f77182b8,0x00000000f7900000)
  to   space 4096K, 0% used [0x00000000f7100000,0x00000000f7100000,0x00000000f7500000)
 ParOldGen       total 148992K, used 90240K [0x00000000e0000000, 0x00000000e9180000, 0x00000000f5580000)
  object space 148992K, 60% used [0x00000000e0000000,0x00000000e5820118,0x00000000e9180000)
 Metaspace       used 101068K, capacity 108602K, committed 108840K, reserved 1144832K
  class space    used 11374K, capacity 13744K, committed 13864K, reserved 1048576K
Event: 264611.064 GC heap after
Heap after GC invocations=744 (full 35):
 PSYoungGen      total 30720K, used 2112K [0x00000000f5580000, 0x00000000f7800000, 0x0000000100000000)
  eden space 28160K, 0% used [0x00000000f5580000,0x00000000f5580000,0x00000000f7100000)
  from space 2560K, 82% used [0x00000000f7100000,0x00000000f73102b8,0x00000000f7380000)
  to   space 3584K, 0% used [0x00000000f7480000,0x00000000f7480000,0x00000000f7800000)
 ParOldGen       total 148992K, used 90264K [0x00000000e0000000, 0x00000000e9180000, 0x00000000f5580000)
  object space 148992K, 60% used [0x00000000e0000000,0x00000000e5826118,0x00000000e9180000)
 Metaspace       used 101068K, capacity 108602K, committed 108840K, reserved 1144832K
  class space    used 11374K, capacity 13744K, committed 13864K, reserved 1048576K
}
Event: 264849.303 GC heap before
{Heap before GC invocations=745 (full 35):
 PSYoungGen      total 30720K, used 30272K [0x00000000f5580000, 0x00000000f7800000, 0x0000000100000000)
  eden space 28160K, 100% used [0x00000000f5580000,0x00000000f7100000,0x00000000f7100000)
  from space 2560K, 82% used [0x00000000f7100000,0x00000000f73102b8,0x00000000f7380000)
  to   space 3584K, 0% used [0x00000000f7480000,0x00000000f7480000,0x00000000f7800000)
 ParOldGen       total 148992K, used 90264K [0x00000000e0000000, 0x00000000e9180000, 0x00000000f5580000)
  object space 148992K, 60% used [0x00000000e0000000,0x00000000e5826118,0x00000000e9180000)
 Metaspace       used 101068K, capacity 108602K, committed 108840K, reserved 1144832K
  class space    used 11374K, capacity 13744K, committed 13864K, reserved 1048576K
Event: 264849.335 GC heap after
Heap after GC invocations=745 (full 35):
 PSYoungGen      total 31744K, used 2432K [0x00000000f5580000, 0x00000000f7800000, 0x0000000100000000)
  eden space 28160K, 0% used [0x00000000f5580000,0x00000000f5580000,0x00000000f7100000)
  from space 3584K, 67% used [0x00000000f7480000,0x00000000f76e02b8,0x00000000f7800000)
  to   space 3584K, 0% used [0x00000000f7100000,0x00000000f7100000,0x00000000f7480000)
 ParOldGen       total 148992K, used 90304K [0x00000000e0000000, 0x00000000e9180000, 0x00000000f5580000)
  object space 148992K, 60% used [0x00000000e0000000,0x00000000e5830118,0x00000000e9180000)
 Metaspace       used 101068K, capacity 108602K, committed 108840K, reserved 1144832K
  class space    used 11374K, capacity 13744K, committed 13864K, reserved 1048576K
}
Event: 264927.444 GC heap before
{Heap before GC invocations=746 (full 35):
 PSYoungGen      total 31744K, used 30592K [0x00000000f5580000, 0x00000000f7800000, 0x0000000100000000)
  eden space 28160K, 100% used [0x00000000f5580000,0x00000000f7100000,0x00000000f7100000)
  from space 3584K, 67% used [0x00000000f7480000,0x00000000f76e02b8,0x00000000f7800000)
  to   space 3584K, 0% used [0x00000000f7100000,0x00000000f7100000,0x00000000f7480000)
 ParOldGen       total 148992K, used 90304K [0x00000000e0000000, 0x00000000e9180000, 0x00000000f5580000)
  object space 148992K, 60% used [0x00000000e0000000,0x00000000e5830118,0x00000000e9180000)
 Metaspace       used 101086K, capacity 108666K, committed 108840K, reserved 1144832K
  class space    used 11376K, capacity 13744K, committed 13864K, reserved 1048576K
Event: 264927.504 GC heap after
Heap after GC invocations=746 (full 35):
 PSYoungGen      total 31744K, used 2512K [0x00000000f5580000, 0x00000000f7800000, 0x0000000100000000)
  eden space 28160K, 0% used [0x00000000f5580000,0x00000000f5580000,0x00000000f7100000)
  from space 3584K, 70% used [0x00000000f7100000,0x00000000f73742c8,0x00000000f7480000)
  to   space 3584K, 0% used [0x00000000f7480000,0x00000000f7480000,0x00000000f7800000)
 ParOldGen       total 148992K, used 90328K [0x00000000e0000000, 0x00000000e9180000, 0x00000000f5580000)
  object space 148992K, 60% used [0x00000000e0000000,0x00000000e5836118,0x00000000e9180000)
 Metaspace       used 101086K, capacity 108666K, committed 108840K, reserved 1144832K
  class space    used 11376K, capacity 13744K, committed 13864K, reserved 1048576K
}
Event: 264935.042 GC heap before
{Heap before GC invocations=747 (full 35):
 PSYoungGen      total 31744K, used 30672K [0x00000000f5580000, 0x00000000f7800000, 0x0000000100000000)
  eden space 28160K, 100% used [0x00000000f5580000,0x00000000f7100000,0x00000000f7100000)
  from space 3584K, 70% used [0x00000000f7100000,0x00000000f73742c8,0x00000000f7480000)
  to   space 3584K, 0% used [0x00000000f7480000,0x00000000f7480000,0x00000000f7800000)
 ParOldGen       total 148992K, used 90328K [0x00000000e0000000, 0x00000000e9180000, 0x00000000f5580000)
  object space 148992K, 60% used [0x00000000e0000000,0x00000000e5836118,0x00000000e9180000)
 Metaspace       used 101144K, capacity 108894K, committed 109096K, reserved 1144832K
  class space    used 11382K, capacity 13750K, committed 13864K, reserved 1048576K
Event: 264935.111 GC heap after
Heap after GC invocations=747 (full 35):
 PSYoungGen      total 31744K, used 2096K [0x00000000f5580000, 0x00000000f7800000, 0x0000000100000000)
  eden space 28160K, 0% used [0x00000000f5580000,0x00000000f5580000,0x00000000f7100000)
  from space 3584K, 58% used [0x00000000f7480000,0x00000000f768c010,0x00000000f7800000)
  to   space 3584K, 0% used [0x00000000f7100000,0x00000000f7100000,0x00000000f7480000)
 ParOldGen       total 148992K, used 90328K [0x00000000e0000000, 0x00000000e9180000, 0x00000000f5580000)
  object space 148992K, 60% used [0x00000000e0000000,0x00000000e5836118,0x00000000e9180000)
 Metaspace       used 101144K, capacity 108894K, committed 109096K, reserved 1144832K
  class space    used 11382K, capacity 13750K, committed 13864K, reserved 1048576K
}

