# JRE version: Java(TM) SE Runtime Environment (8.0_66-b18) (build 1.8.0_66-b18)
# Java VM: Java HotSpot(TM) 64-Bit Server VM (25.66-b18 mixed mode windows-amd64 compressed oops)
Heap:
 PSYoungGen      total 108544K, used 48739K [0x00000000f5580000, 0x00000000fd480000, 0x0000000100000000)
  eden space 95232K, 42% used [0x00000000f5580000,0x00000000f7ce0c08,0x00000000fb280000)
  from space 13312K, 63% used [0x00000000fc780000,0x00000000fcfb8380,0x00000000fd480000)
  to   space 17408K, 0% used [0x00000000fb280000,0x00000000fb280000,0x00000000fc380000)
 ParOldGen       total 84992K, used 53546K [0x00000000e0000000, 0x00000000e5300000, 0x00000000f5580000)
  object space 84992K, 63% used [0x00000000e0000000,0x00000000e344a890,0x00000000e5300000)
 Metaspace       used 93498K, capacity 100784K, committed 101144K, reserved 1136640K
  class space    used 10981K, capacity 13240K, committed 13360K, reserved 1048576K
GC Heap History (10 events):
Event: 1169.955 GC heap before
{Heap before GC invocations=38 (full 10):
 PSYoungGen      total 122368K, used 122088K [0x00000000f5580000, 0x00000000fed00000, 0x0000000100000000)
  eden space 114176K, 100% used [0x00000000f5580000,0x00000000fc500000,0x00000000fc500000)
  from space 8192K, 96% used [0x00000000fc900000,0x00000000fd0ba1b8,0x00000000fd100000)
  to   space 20480K, 0% used [0x00000000fd900000,0x00000000fd900000,0x00000000fed00000)
 ParOldGen       total 84992K, used 53506K [0x00000000e0000000, 0x00000000e5300000, 0x00000000f5580000)
  object space 84992K, 62% used [0x00000000e0000000,0x00000000e3440890,0x00000000e5300000)
 Metaspace       used 92003K, capacity 99336K, committed 99480K, reserved 1136640K
  class space    used 10874K, capacity 13106K, committed 13232K, reserved 1048576K
Event: 1169.969 GC heap after
Heap after GC invocations=38 (full 10):
 PSYoungGen      total 125440K, used 8680K [0x00000000f5580000, 0x00000000fe800000, 0x0000000100000000)
  eden space 110080K, 0% used [0x00000000f5580000,0x00000000f5580000,0x00000000fc100000)
  from space 15360K, 56% used [0x00000000fd900000,0x00000000fe17a1d8,0x00000000fe800000)
  to   space 19968K, 0% used [0x00000000fc100000,0x00000000fc100000,0x00000000fd480000)
 ParOldGen       total 84992K, used 53514K [0x00000000e0000000, 0x00000000e5300000, 0x00000000f5580000)
  object space 84992K, 62% used [0x00000000e0000000,0x00000000e3442890,0x00000000e5300000)
 Metaspace       used 92003K, capacity 99336K, committed 99480K, reserved 1136640K
  class space    used 10874K, capacity 13106K, committed 13232K, reserved 1048576K
}
Event: 1348.064 GC heap before
{Heap before GC invocations=39 (full 10):
 PSYoungGen      total 125440K, used 118760K [0x00000000f5580000, 0x00000000fe800000, 0x0000000100000000)
  eden space 110080K, 100% used [0x00000000f5580000,0x00000000fc100000,0x00000000fc100000)
  from space 15360K, 56% used [0x00000000fd900000,0x00000000fe17a1d8,0x00000000fe800000)
  to   space 19968K, 0% used [0x00000000fc100000,0x00000000fc100000,0x00000000fd480000)
 ParOldGen       total 84992K, used 53514K [0x00000000e0000000, 0x00000000e5300000, 0x00000000f5580000)
  object space 84992K, 62% used [0x00000000e0000000,0x00000000e3442890,0x00000000e5300000)
 Metaspace       used 92392K, capacity 99732K, committed 99992K, reserved 1136640K
  class space    used 10899K, capacity 13108K, committed 13232K, reserved 1048576K
Event: 1348.077 GC heap after
Heap after GC invocations=39 (full 10):
 PSYoungGen      total 113664K, used 7654K [0x00000000f5580000, 0x00000000fe200000, 0x0000000100000000)
  eden space 105984K, 0% used [0x00000000f5580000,0x00000000f5580000,0x00000000fbd00000)
  from space 7680K, 99% used [0x00000000fc100000,0x00000000fc879810,0x00000000fc880000)
  to   space 18944K, 0% used [0x00000000fcf80000,0x00000000fcf80000,0x00000000fe200000)
 ParOldGen       total 84992K, used 53522K [0x00000000e0000000, 0x00000000e5300000, 0x00000000f5580000)
  object space 84992K, 62% used [0x00000000e0000000,0x00000000e3444890,0x00000000e5300000)
 Metaspace       used 92392K, capacity 99732K, committed 99992K, reserved 1136640K
  class space    used 10899K, capacity 13108K, committed 13232K, reserved 1048576K
}
Event: 2103.605 GC heap before
{Heap before GC invocations=40 (full 10):
 PSYoungGen      total 113664K, used 113638K [0x00000000f5580000, 0x00000000fe200000, 0x0000000100000000)
  eden space 105984K, 100% used [0x00000000f5580000,0x00000000fbd00000,0x00000000fbd00000)
  from space 7680K, 99% used [0x00000000fc100000,0x00000000fc879810,0x00000000fc880000)
  to   space 18944K, 0% used [0x00000000fcf80000,0x00000000fcf80000,0x00000000fe200000)
 ParOldGen       total 84992K, used 53522K [0x00000000e0000000, 0x00000000e5300000, 0x00000000f5580000)
  object space 84992K, 62% used [0x00000000e0000000,0x00000000e3444890,0x00000000e5300000)
 Metaspace       used 92573K, capacity 99866K, committed 100248K, reserved 1136640K
  class space    used 10899K, capacity 13109K, committed 13232K, reserved 1048576K
Event: 2103.618 GC heap after
Heap after GC invocations=40 (full 10):
 PSYoungGen      total 115712K, used 8493K [0x00000000f5580000, 0x00000000fdc80000, 0x0000000100000000)
  eden space 102400K, 0% used [0x00000000f5580000,0x00000000f5580000,0x00000000fb980000)
  from space 13312K, 63% used [0x00000000fcf80000,0x00000000fd7cb7d8,0x00000000fdc80000)
  to   space 17920K, 0% used [0x00000000fb980000,0x00000000fb980000,0x00000000fcb00000)
 ParOldGen       total 84992K, used 53530K [0x00000000e0000000, 0x00000000e5300000, 0x00000000f5580000)
  object space 84992K, 62% used [0x00000000e0000000,0x00000000e3446890,0x00000000e5300000)
 Metaspace       used 92573K, capacity 99866K, committed 100248K, reserved 1136640K
  class space    used 10899K, capacity 13109K, committed 13232K, reserved 1048576K
}
Event: 4829.853 GC heap before
{Heap before GC invocations=41 (full 10):
 PSYoungGen      total 115712K, used 110881K [0x00000000f5580000, 0x00000000fdc80000, 0x0000000100000000)
  eden space 102400K, 99% used [0x00000000f5580000,0x00000000fb97cc38,0x00000000fb980000)
  from space 13312K, 63% used [0x00000000fcf80000,0x00000000fd7cb7d8,0x00000000fdc80000)
  to   space 17920K, 0% used [0x00000000fb980000,0x00000000fb980000,0x00000000fcb00000)
 ParOldGen       total 84992K, used 53530K [0x00000000e0000000, 0x00000000e5300000, 0x00000000f5580000)
  object space 84992K, 62% used [0x00000000e0000000,0x00000000e3446890,0x00000000e5300000)
 Metaspace       used 92647K, capacity 99994K, committed 100248K, reserved 1136640K
  class space    used 10899K, capacity 13109K, committed 13232K, reserved 1048576K
Event: 4829.889 GC heap after
Heap after GC invocations=41 (full 10):
 PSYoungGen      total 108544K, used 9293K [0x00000000f5580000, 0x00000000fd900000, 0x0000000100000000)
  eden space 98816K, 0% used [0x00000000f5580000,0x00000000f5580000,0x00000000fb600000)
  from space 9728K, 95% used [0x00000000fb980000,0x00000000fc293740,0x00000000fc300000)
  to   space 17920K, 0% used [0x00000000fc780000,0x00000000fc780000,0x00000000fd900000)
 ParOldGen       total 84992K, used 53538K [0x00000000e0000000, 0x00000000e5300000, 0x00000000f5580000)
  object space 84992K, 62% used [0x00000000e0000000,0x00000000e3448890,0x00000000e5300000)
 Metaspace       used 92647K, capacity 99994K, committed 100248K, reserved 1136640K
  class space    used 10899K, capacity 13109K, committed 13232K, reserved 1048576K
}
Event: 6624.902 GC heap before
{Heap before GC invocations=42 (full 10):
 PSYoungGen      total 108544K, used 108109K [0x00000000f5580000, 0x00000000fd900000, 0x0000000100000000)
  eden space 98816K, 100% used [0x00000000f5580000,0x00000000fb600000,0x00000000fb600000)
  from space 9728K, 95% used [0x00000000fb980000,0x00000000fc293740,0x00000000fc300000)
  to   space 17920K, 0% used [0x00000000fc780000,0x00000000fc780000,0x00000000fd900000)
 ParOldGen       total 84992K, used 53538K [0x00000000e0000000, 0x00000000e5300000, 0x00000000f5580000)
  object space 84992K, 62% used [0x00000000e0000000,0x00000000e3448890,0x00000000e5300000)
 Metaspace       used 92797K, capacity 100090K, committed 100248K, reserved 1136640K
  class space    used 10910K, capacity 13141K, committed 13232K, reserved 1048576K
Event: 6624.920 GC heap after
Heap after GC invocations=42 (full 10):
 PSYoungGen      total 108544K, used 8416K [0x00000000f5580000, 0x00000000fd480000, 0x0000000100000000)
  eden space 95232K, 0% used [0x00000000f5580000,0x00000000f5580000,0x00000000fb280000)
  from space 13312K, 63% used [0x00000000fc780000,0x00000000fcfb8380,0x00000000fd480000)
  to   space 17408K, 0% used [0x00000000fb280000,0x00000000fb280000,0x00000000fc380000)
 ParOldGen       total 84992K, used 53546K [0x00000000e0000000, 0x00000000e5300000, 0x00000000f5580000)
  object space 84992K, 63% used [0x00000000e0000000,0x00000000e344a890,0x00000000e5300000)
 Metaspace       used 92797K, capacity 100090K, committed 100248K, reserved 1136640K
  class space    used 10910K, capacity 13141K, committed 13232K, reserved 1048576K
}

