06:20:13 **** Build of configuration Debug for project RLE_Test_PSL ****
make pre-build main-build 
a9-linaro-pre-build-step
' '
'Building file: ../src/main.cc'
'Invoking: ARM v7 g++ compiler'
arm-none-eabi-g++ -Wall -O0 -g3 -c -fmessage-length=0 -MT"src/main.o" -mcpu=cortex-a9 -mfpu=vfpv3 -mfloat-abi=hard -I../../RLE_Test_PS_PL_bsp/ps7_cortexa9_0/include -MMD -MP -MF"src/main.d" -MT"src/main.o" -o "src/main.o" "../src/main.cc"
../src/main.cc:17:14: warning: deprecated conversion from string constant to 'TCHAR* {aka char*}' [-Wwrite-strings]
 TCHAR *Path ="0:/";
              ^
'Finished building: ../src/main.cc'
' '
'Building target: RLE_Test_PSL.elf'
'Invoking: ARM v7 g++ linker'
arm-none-eabi-g++ -mcpu=cortex-a9 -mfpu=vfpv3 -mfloat-abi=hard -Wl,-build-id=none -specs=Xilinx.spec -Wl,-T -Wl,../src/lscript.ld -L../../RLE_Test_PS_PL_bsp/ps7_cortexa9_0/lib -o "RLE_Test_PSL.elf"  ./src/main.o   -Wl,--start-group,-lxil,-lgcc,-lc,-lstdc++,--end-group
./src/main.o: In function `main':
C:\JPEG_Thesis\RLE\RLE_Test_PS_PL\RLE_Test_PS_PL.sdk\RLE_Test_PSL\Debug/../src/main.cc:318: undefined reference to `f_mount'
C:\JPEG_Thesis\RLE\RLE_Test_PS_PL\RLE_Test_PS_PL.sdk\RLE_Test_PSL\Debug/../src/main.cc:323: undefined reference to `f_open'
C:\JPEG_Thesis\RLE\RLE_Test_PS_PL\RLE_Test_PS_PL.sdk\RLE_Test_PSL\Debug/../src/main.cc:347: undefined reference to `f_write'
C:\JPEG_Thesis\RLE\RLE_Test_PS_PL\RLE_Test_PS_PL.sdk\RLE_Test_PSL\Debug/../src/main.cc:353: undefined reference to `f_write'
C:\JPEG_Thesis\RLE\RLE_Test_PS_PL\RLE_Test_PS_PL.sdk\RLE_Test_PSL\Debug/../src/main.cc:364: undefined reference to `f_close'
collect2.exe: error: ld returned 1 exit status
make: *** [RLE_Test_PSL.elf] Error 1

06:20:19 Build Finished (took 5s.886ms)

