# JRE version: Java(TM) SE Runtime Environment (8.0_66-b18) (build 1.8.0_66-b18)
# Java VM: Java HotSpot(TM) 64-Bit Server VM (25.66-b18 mixed mode windows-amd64 compressed oops)
Heap:
 PSYoungGen      total 165376K, used 93540K [0x00000000f5580000, 0x0000000100000000, 0x0000000100000000)
  eden space 156160K, 56% used [0x00000000f5580000,0x00000000faaf4040,0x00000000fee00000)
  from space 9216K, 65% used [0x00000000fee00000,0x00000000ff3e52b8,0x00000000ff700000)
  to   space 9216K, 0% used [0x00000000ff700000,0x00000000ff700000,0x0000000100000000)
 ParOldGen       total 154624K, used 99087K [0x00000000e0000000, 0x00000000e9700000, 0x00000000f5580000)
  object space 154624K, 64% used [0x00000000e0000000,0x00000000e60c3d70,0x00000000e9700000)
 Metaspace       used 108491K, capacity 116378K, committed 116632K, reserved 1150976K
  class space    used 12270K, capacity 14731K, committed 14760K, reserved 1048576K
GC Heap History (10 events):
Event: 88543.547 GC heap before
{Heap before GC invocations=1700 (full 15):
 PSYoungGen      total 166400K, used 165842K [0x00000000f5580000, 0x0000000100000000, 0x0000000100000000)
  eden space 160256K, 100% used [0x00000000f5580000,0x00000000ff200000,0x00000000ff200000)
  from space 6144K, 90% used [0x00000000ffa00000,0x00000000fff74a90,0x0000000100000000)
  to   space 7168K, 0% used [0x00000000ff200000,0x00000000ff200000,0x00000000ff900000)
 ParOldGen       total 154624K, used 98095K [0x00000000e0000000, 0x00000000e9700000, 0x00000000f5580000)
  object space 154624K, 63% used [0x00000000e0000000,0x00000000e5fcbc90,0x00000000e9700000)
 Metaspace       used 107657K, capacity 115400K, committed 115608K, reserved 1150976K
  class space    used 12159K, capacity 14496K, committed 14504K, reserved 1048576K
Event: 88543.724 GC heap after
Heap after GC invocations=1700 (full 15):
 PSYoungGen      total 166912K, used 6294K [0x00000000f5580000, 0x0000000100000000, 0x0000000100000000)
  eden space 160256K, 0% used [0x00000000f5580000,0x00000000f5580000,0x00000000ff200000)
  from space 6656K, 94% used [0x00000000ff200000,0x00000000ff825b20,0x00000000ff880000)
  to   space 7680K, 0% used [0x00000000ff880000,0x00000000ff880000,0x0000000100000000)
 ParOldGen       total 154624K, used 98703K [0x00000000e0000000, 0x00000000e9700000, 0x00000000f5580000)
  object space 154624K, 63% used [0x00000000e0000000,0x00000000e6063d00,0x00000000e9700000)
 Metaspace       used 107657K, capacity 115400K, committed 115608K, reserved 1150976K
  class space    used 12159K, capacity 14496K, committed 14504K, reserved 1048576K
}
Event: 90436.799 GC heap before
{Heap before GC invocations=1701 (full 15):
 PSYoungGen      total 166912K, used 166550K [0x00000000f5580000, 0x0000000100000000, 0x0000000100000000)
  eden space 160256K, 100% used [0x00000000f5580000,0x00000000ff200000,0x00000000ff200000)
  from space 6656K, 94% used [0x00000000ff200000,0x00000000ff825b20,0x00000000ff880000)
  to   space 7680K, 0% used [0x00000000ff880000,0x00000000ff880000,0x0000000100000000)
 ParOldGen       total 154624K, used 98703K [0x00000000e0000000, 0x00000000e9700000, 0x00000000f5580000)
  object space 154624K, 63% used [0x00000000e0000000,0x00000000e6063d00,0x00000000e9700000)
 Metaspace       used 107657K, capacity 115400K, committed 115608K, reserved 1150976K
  class space    used 12159K, capacity 14496K, committed 14504K, reserved 1048576K
Event: 90437.231 GC heap after
Heap after GC invocations=1701 (full 15):
 PSYoungGen      total 165888K, used 6068K [0x00000000f5580000, 0x0000000100000000, 0x0000000100000000)
  eden space 158208K, 0% used [0x00000000f5580000,0x00000000f5580000,0x00000000ff000000)
  from space 7680K, 79% used [0x00000000ff880000,0x00000000ffe6d2b8,0x0000000100000000)
  to   space 8192K, 0% used [0x00000000ff000000,0x00000000ff000000,0x00000000ff800000)
 ParOldGen       total 154624K, used 98943K [0x00000000e0000000, 0x00000000e9700000, 0x00000000f5580000)
  object space 154624K, 63% used [0x00000000e0000000,0x00000000e609fd70,0x00000000e9700000)
 Metaspace       used 107657K, capacity 115400K, committed 115608K, reserved 1150976K
  class space    used 12159K, capacity 14496K, committed 14504K, reserved 1048576K
}
Event: 92392.805 GC heap before
{Heap before GC invocations=1702 (full 15):
 PSYoungGen      total 165888K, used 164276K [0x00000000f5580000, 0x0000000100000000, 0x0000000100000000)
  eden space 158208K, 100% used [0x00000000f5580000,0x00000000ff000000,0x00000000ff000000)
  from space 7680K, 79% used [0x00000000ff880000,0x00000000ffe6d2b8,0x0000000100000000)
  to   space 8192K, 0% used [0x00000000ff000000,0x00000000ff000000,0x00000000ff800000)
 ParOldGen       total 154624K, used 98943K [0x00000000e0000000, 0x00000000e9700000, 0x00000000f5580000)
  object space 154624K, 63% used [0x00000000e0000000,0x00000000e609fd70,0x00000000e9700000)
 Metaspace       used 107657K, capacity 115400K, committed 115608K, reserved 1150976K
  class space    used 12159K, capacity 14496K, committed 14504K, reserved 1048576K
Event: 92392.853 GC heap after
Heap after GC invocations=1702 (full 15):
 PSYoungGen      total 164352K, used 6022K [0x00000000f5580000, 0x0000000100000000, 0x0000000100000000)
  eden space 158208K, 0% used [0x00000000f5580000,0x00000000f5580000,0x00000000ff000000)
  from space 6144K, 98% used [0x00000000ff000000,0x00000000ff5e1b10,0x00000000ff600000)
  to   space 8704K, 0% used [0x00000000ff780000,0x00000000ff780000,0x0000000100000000)
 ParOldGen       total 154624K, used 98975K [0x00000000e0000000, 0x00000000e9700000, 0x00000000f5580000)
  object space 154624K, 64% used [0x00000000e0000000,0x00000000e60a7d70,0x00000000e9700000)
 Metaspace       used 107657K, capacity 115400K, committed 115608K, reserved 1150976K
  class space    used 12159K, capacity 14496K, committed 14504K, reserved 1048576K
}
Event: 94321.660 GC heap before
{Heap before GC invocations=1703 (full 15):
 PSYoungGen      total 164352K, used 164230K [0x00000000f5580000, 0x0000000100000000, 0x0000000100000000)
  eden space 158208K, 100% used [0x00000000f5580000,0x00000000ff000000,0x00000000ff000000)
  from space 6144K, 98% used [0x00000000ff000000,0x00000000ff5e1b10,0x00000000ff600000)
  to   space 8704K, 0% used [0x00000000ff780000,0x00000000ff780000,0x0000000100000000)
 ParOldGen       total 154624K, used 98975K [0x00000000e0000000, 0x00000000e9700000, 0x00000000f5580000)
  object space 154624K, 64% used [0x00000000e0000000,0x00000000e60a7d70,0x00000000e9700000)
 Metaspace       used 107657K, capacity 115400K, committed 115608K, reserved 1150976K
  class space    used 12159K, capacity 14496K, committed 14504K, reserved 1048576K
Event: 94321.699 GC heap after
Heap after GC invocations=1703 (full 15):
 PSYoungGen      total 164864K, used 6534K [0x00000000f5580000, 0x0000000100000000, 0x0000000100000000)
  eden space 156160K, 0% used [0x00000000f5580000,0x00000000f5580000,0x00000000fee00000)
  from space 8704K, 75% used [0x00000000ff780000,0x00000000ffde1b30,0x0000000100000000)
  to   space 9216K, 0% used [0x00000000fee00000,0x00000000fee00000,0x00000000ff700000)
 ParOldGen       total 154624K, used 99031K [0x00000000e0000000, 0x00000000e9700000, 0x00000000f5580000)
  object space 154624K, 64% used [0x00000000e0000000,0x00000000e60b5d70,0x00000000e9700000)
 Metaspace       used 107657K, capacity 115400K, committed 115608K, reserved 1150976K
  class space    used 12159K, capacity 14496K, committed 14504K, reserved 1048576K
}
Event: 96174.544 GC heap before
{Heap before GC invocations=1704 (full 15):
 PSYoungGen      total 164864K, used 162694K [0x00000000f5580000, 0x0000000100000000, 0x0000000100000000)
  eden space 156160K, 100% used [0x00000000f5580000,0x00000000fee00000,0x00000000fee00000)
  from space 8704K, 75% used [0x00000000ff780000,0x00000000ffde1b30,0x0000000100000000)
  to   space 9216K, 0% used [0x00000000fee00000,0x00000000fee00000,0x00000000ff700000)
 ParOldGen       total 154624K, used 99031K [0x00000000e0000000, 0x00000000e9700000, 0x00000000f5580000)
  object space 154624K, 64% used [0x00000000e0000000,0x00000000e60b5d70,0x00000000e9700000)
 Metaspace       used 107657K, capacity 115400K, committed 115608K, reserved 1150976K
  class space    used 12159K, capacity 14496K, committed 14504K, reserved 1048576K
Event: 96174.608 GC heap after
Heap after GC invocations=1704 (full 15):
 PSYoungGen      total 165376K, used 6036K [0x00000000f5580000, 0x0000000100000000, 0x0000000100000000)
  eden space 156160K, 0% used [0x00000000f5580000,0x00000000f5580000,0x00000000fee00000)
  from space 9216K, 65% used [0x00000000fee00000,0x00000000ff3e52b8,0x00000000ff700000)
  to   space 9216K, 0% used [0x00000000ff700000,0x00000000ff700000,0x0000000100000000)
 ParOldGen       total 154624K, used 99087K [0x00000000e0000000, 0x00000000e9700000, 0x00000000f5580000)
  object space 154624K, 64% used [0x00000000e0000000,0x00000000e60c3d70,0x00000000e9700000)
 Metaspace       used 107657K, capacity 115400K, committed 115608K, reserved 1150976K
  class space    used 12159K, capacity 14496K, committed 14504K, reserved 1048576K
}

