# JRE version: Java(TM) SE Runtime Environment (8.0_66-b18) (build 1.8.0_66-b18)
# Java VM: Java HotSpot(TM) 64-Bit Server VM (25.66-b18 mixed mode windows-amd64 compressed oops)
Heap:
 PSYoungGen      total 49152K, used 15610K [0x00000007bc400000, 0x00000007c0000000, 0x00000007c0000000)
  eden space 40960K, 18% used [0x00000007bc400000,0x00000007bcb7db98,0x00000007bec00000)
  from space 8192K, 96% used [0x00000007bec00000,0x00000007bf3c0d30,0x00000007bf400000)
  to   space 10752K, 0% used [0x00000007bf580000,0x00000007bf580000,0x00000007c0000000)
 ParOldGen       total 222208K, used 141747K [0x0000000700000000, 0x000000070d900000, 0x00000007bc400000)
  object space 222208K, 63% used [0x0000000700000000,0x0000000708a6cdf8,0x000000070d900000)
 Metaspace       used 90395K, capacity 91407K, committed 92032K, reserved 1126400K
  class space    used 14202K, capacity 14352K, committed 14464K, reserved 1048576K
GC Heap History (10 events):
Event: 32141.723 GC heap before
{Heap before GC invocations=474 (full 23):
 PSYoungGen      total 57344K, used 57320K [0x00000007bc400000, 0x00000007c0000000, 0x00000007c0000000)
  eden space 54272K, 100% used [0x00000007bc400000,0x00000007bf900000,0x00000007bf900000)
  from space 3072K, 99% used [0x00000007bfd00000,0x00000007bfffa0c8,0x00000007c0000000)
  to   space 3584K, 0% used [0x00000007bf900000,0x00000007bf900000,0x00000007bfc80000)
 ParOldGen       total 222208K, used 132033K [0x0000000700000000, 0x000000070d900000, 0x00000007bc400000)
  object space 222208K, 59% used [0x0000000700000000,0x00000007080f04e0,0x000000070d900000)
 Metaspace       used 90288K, capacity 91271K, committed 92032K, reserved 1126400K
  class space    used 14202K, capacity 14352K, committed 14464K, reserved 1048576K
Event: 32141.731 GC heap after
Heap after GC invocations=474 (full 23):
 PSYoungGen      total 57344K, used 3562K [0x00000007bc400000, 0x00000007c0000000, 0x00000007c0000000)
  eden space 53760K, 0% used [0x00000007bc400000,0x00000007bc400000,0x00000007bf880000)
  from space 3584K, 99% used [0x00000007bf900000,0x00000007bfc7aa80,0x00000007bfc80000)
  to   space 3584K, 0% used [0x00000007bfc80000,0x00000007bfc80000,0x00000007c0000000)
 ParOldGen       total 222208K, used 134153K [0x0000000700000000, 0x000000070d900000, 0x00000007bc400000)
  object space 222208K, 60% used [0x0000000700000000,0x00000007083024f0,0x000000070d900000)
 Metaspace       used 90288K, capacity 91271K, committed 92032K, reserved 1126400K
  class space    used 14202K, capacity 14352K, committed 14464K, reserved 1048576K
}
Event: 32142.550 GC heap before
{Heap before GC invocations=475 (full 23):
 PSYoungGen      total 57344K, used 57322K [0x00000007bc400000, 0x00000007c0000000, 0x00000007c0000000)
  eden space 53760K, 100% used [0x00000007bc400000,0x00000007bf880000,0x00000007bf880000)
  from space 3584K, 99% used [0x00000007bf900000,0x00000007bfc7aa80,0x00000007bfc80000)
  to   space 3584K, 0% used [0x00000007bfc80000,0x00000007bfc80000,0x00000007c0000000)
 ParOldGen       total 222208K, used 134153K [0x0000000700000000, 0x000000070d900000, 0x00000007bc400000)
  object space 222208K, 60% used [0x0000000700000000,0x00000007083024f0,0x000000070d900000)
 Metaspace       used 90326K, capacity 91335K, committed 92032K, reserved 1126400K
  class space    used 14202K, capacity 14352K, committed 14464K, reserved 1048576K
Event: 32142.560 GC heap after
Heap after GC invocations=475 (full 23):
 PSYoungGen      total 51712K, used 3584K [0x00000007bc400000, 0x00000007c0000000, 0x00000007c0000000)
  eden space 48128K, 0% used [0x00000007bc400000,0x00000007bc400000,0x00000007bf300000)
  from space 3584K, 100% used [0x00000007bfc80000,0x00000007c0000000,0x00000007c0000000)
  to   space 6656K, 0% used [0x00000007bf300000,0x00000007bf300000,0x00000007bf980000)
 ParOldGen       total 222208K, used 138079K [0x0000000700000000, 0x000000070d900000, 0x00000007bc400000)
  object space 222208K, 62% used [0x0000000700000000,0x00000007086d7e50,0x000000070d900000)
 Metaspace       used 90326K, capacity 91335K, committed 92032K, reserved 1126400K
  class space    used 14202K, capacity 14352K, committed 14464K, reserved 1048576K
}
Event: 32144.647 GC heap before
{Heap before GC invocations=476 (full 23):
 PSYoungGen      total 51712K, used 51712K [0x00000007bc400000, 0x00000007c0000000, 0x00000007c0000000)
  eden space 48128K, 100% used [0x00000007bc400000,0x00000007bf300000,0x00000007bf300000)
  from space 3584K, 100% used [0x00000007bfc80000,0x00000007c0000000,0x00000007c0000000)
  to   space 6656K, 0% used [0x00000007bf300000,0x00000007bf300000,0x00000007bf980000)
 ParOldGen       total 222208K, used 138079K [0x0000000700000000, 0x000000070d900000, 0x00000007bc400000)
  object space 222208K, 62% used [0x0000000700000000,0x00000007086d7e50,0x000000070d900000)
 Metaspace       used 90356K, capacity 91335K, committed 92032K, reserved 1126400K
  class space    used 14202K, capacity 14352K, committed 14464K, reserved 1048576K
Event: 32144.657 GC heap after
Heap after GC invocations=476 (full 23):
 PSYoungGen      total 54784K, used 6640K [0x00000007bc400000, 0x00000007c0000000, 0x00000007c0000000)
  eden space 48128K, 0% used [0x00000007bc400000,0x00000007bc400000,0x00000007bf300000)
  from space 6656K, 99% used [0x00000007bf300000,0x00000007bf97c3f0,0x00000007bf980000)
  to   space 6656K, 0% used [0x00000007bf980000,0x00000007bf980000,0x00000007c0000000)
 ParOldGen       total 222208K, used 139381K [0x0000000700000000, 0x000000070d900000, 0x00000007bc400000)
  object space 222208K, 62% used [0x0000000700000000,0x000000070881d638,0x000000070d900000)
 Metaspace       used 90356K, capacity 91335K, committed 92032K, reserved 1126400K
  class space    used 14202K, capacity 14352K, committed 14464K, reserved 1048576K
}
Event: 32145.117 GC heap before
{Heap before GC invocations=477 (full 23):
 PSYoungGen      total 54784K, used 54768K [0x00000007bc400000, 0x00000007c0000000, 0x00000007c0000000)
  eden space 48128K, 100% used [0x00000007bc400000,0x00000007bf300000,0x00000007bf300000)
  from space 6656K, 99% used [0x00000007bf300000,0x00000007bf97c3f0,0x00000007bf980000)
  to   space 6656K, 0% used [0x00000007bf980000,0x00000007bf980000,0x00000007c0000000)
 ParOldGen       total 222208K, used 139381K [0x0000000700000000, 0x000000070d900000, 0x00000007bc400000)
  object space 222208K, 62% used [0x0000000700000000,0x000000070881d638,0x000000070d900000)
 Metaspace       used 90381K, capacity 91407K, committed 92032K, reserved 1126400K
  class space    used 14202K, capacity 14352K, committed 14464K, reserved 1048576K
Event: 32145.128 GC heap after
Heap after GC invocations=477 (full 23):
 PSYoungGen      total 47616K, used 6654K [0x00000007bc400000, 0x00000007c0000000, 0x00000007c0000000)
  eden space 40960K, 0% used [0x00000007bc400000,0x00000007bc400000,0x00000007bec00000)
  from space 6656K, 99% used [0x00000007bf980000,0x00000007bffff840,0x00000007c0000000)
  to   space 10240K, 0% used [0x00000007bec00000,0x00000007bec00000,0x00000007bf600000)
 ParOldGen       total 222208K, used 141747K [0x0000000700000000, 0x000000070d900000, 0x00000007bc400000)
  object space 222208K, 63% used [0x0000000700000000,0x0000000708a6cdf8,0x000000070d900000)
 Metaspace       used 90381K, capacity 91407K, committed 92032K, reserved 1126400K
  class space    used 14202K, capacity 14352K, committed 14464K, reserved 1048576K
}
Event: 32146.514 GC heap before
{Heap before GC invocations=478 (full 23):
 PSYoungGen      total 47616K, used 47614K [0x00000007bc400000, 0x00000007c0000000, 0x00000007c0000000)
  eden space 40960K, 100% used [0x00000007bc400000,0x00000007bec00000,0x00000007bec00000)
  from space 6656K, 99% used [0x00000007bf980000,0x00000007bffff840,0x00000007c0000000)
  to   space 10240K, 0% used [0x00000007bec00000,0x00000007bec00000,0x00000007bf600000)
 ParOldGen       total 222208K, used 141747K [0x0000000700000000, 0x000000070d900000, 0x00000007bc400000)
  object space 222208K, 63% used [0x0000000700000000,0x0000000708a6cdf8,0x000000070d900000)
 Metaspace       used 90395K, capacity 91407K, committed 92032K, reserved 1126400K
  class space    used 14202K, capacity 14352K, committed 14464K, reserved 1048576K
Event: 32146.522 GC heap after
Heap after GC invocations=478 (full 23):
 PSYoungGen      total 49152K, used 7939K [0x00000007bc400000, 0x00000007c0000000, 0x00000007c0000000)
  eden space 40960K, 0% used [0x00000007bc400000,0x00000007bc400000,0x00000007bec00000)
  from space 8192K, 96% used [0x00000007bec00000,0x00000007bf3c0d30,0x00000007bf400000)
  to   space 10752K, 0% used [0x00000007bf580000,0x00000007bf580000,0x00000007c0000000)
 ParOldGen       total 222208K, used 141747K [0x0000000700000000, 0x000000070d900000, 0x00000007bc400000)
  object space 222208K, 63% used [0x0000000700000000,0x0000000708a6cdf8,0x000000070d900000)
 Metaspace       used 90395K, capacity 91407K, committed 92032K, reserved 1126400K
  class space    used 14202K, capacity 14352K, committed 14464K, reserved 1048576K
}

